<?xml version="1.0" encoding="UTF-8"?>
<testsuite xmlns:xsi="http://www.w3.org/2001/XMLSchema-instance" xsi:noNamespaceSchemaLocation="https://maven.apache.org/surefire/maven-surefire-plugin/xsd/surefire-test-report-3.0.xsd" version="3.0" name="com.nss.SecurityRulesTest" time="5.998" tests="81" errors="0" skipped="0" failures="0">
  <properties>
[...]
</properties>
  <testcase name="emptyCartReturnsTwoHundredWithEmptyArray" classname="com.nss.SecurityRulesTest" time="0.086">
    <system-out><![CDATA[2026-09-01T10:47:49.177+07:00  INFO 26328 --- [nss-api] [           main] t.c.s.AnnotationConfigContextLoaderUtils : Could not detect default configuration classes for test class [com.nss.SecurityRulesTest]: SecurityRulesTest does not declare any static, non-private, non-final, nested classes annotated with @Configuration.
2026-09-01T10:47:49.182+07:00  INFO 26328 --- [nss-api] [        kafka-2] o.a.k.c.c.internals.ConsumerCoordinator  : [Consumer clientId=consumer-nss-order-status-changed-8, groupId=nss-order-status-changed] Request joining group due to: need to re-join with the given member-id: consumer-nss-order-status-changed-8-898fb925-14e2-49a7-a168-da9c370c030e
2026-09-01T10:47:49.182+07:00  INFO 26328 --- [nss-api] [        kafka-2] o.a.k.c.c.internals.ConsumerCoordinator  : [Consumer clientId=consumer-nss-order-status-changed-8, groupId=nss-order-status-changed] (Re-)joining group
2026-09-01T10:47:49.183+07:00  INFO 26328 --- [nss-api] [           main] .b.t.c.SpringBootTestContextBootstrapper : Found @SpringBootConfiguration com.nss.StartApplication for test class com.nss.SecurityRulesTest
2026-09-01T10:47:49.197+07:00  INFO 26328 --- [nss-api] [        kafka-3] o.a.k.c.c.internals.ConsumerCoordinator  : [Consumer clientId=consumer-nss-order-status-changed-9, groupId=nss-order-status-changed] Request joining group due to: need to re-join with the given member-id: consumer-nss-order-status-changed-9-e5d9d6e6-12b5-40f0-9029-ebae49002b56
2026-09-01T10:47:49.198+07:00  INFO 26328 --- [nss-api] [        kafka-3] o.a.k.c.c.internals.ConsumerCoordinator  : [Consumer clientId=consumer-nss-order-status-changed-9, groupId=nss-order-status-changed] (Re-)joining group

  .   ____          _            __ _ _
 /\\ / ___'_ __ _ _(_)_ __  __ _ \ \ \ \
( ( )\___ | '_ | '_| | '_ \/ _` | \ \ \ \
 \\/  ___)| |_)| | | | | || (_| |  ) ) ) )
  '  |____| .__|_| |_|_| |_\__, | / / / /
 =========|_|==============|___/=/_/_/_/

 :: Spring Boot ::                (v3.3.5)

2026-09-01T10:47:49.246+07:00  INFO 26328 --- [nss-api] [           main] com.nss.SecurityRulesTest                : Starting SecurityRulesTest using Java 21.0.12 with PID 26328 (started by nhatk in C:\vibe_code\thuc-pham-sach\harness-starter-git-based\projects\api\nss-start)
2026-09-01T10:47:49.247+07:00  INFO 26328 --- [nss-api] [           main] com.nss.SecurityRulesTest                : No active profile set, falling back to 1 default profile: "default"
2026-09-01T10:47:49.328+07:00  INFO 26328 --- [nss-api] [        kafka-2] o.a.k.c.c.internals.ConsumerCoordinator  : [Consumer clientId=consumer-nss-order-status-changed-2, groupId=nss-order-status-changed] Request joining group due to: group is already rebalancing
2026-09-01T10:47:49.328+07:00  INFO 26328 --- [nss-api] [        kafka-1] o.a.k.c.c.internals.ConsumerCoordinator  : [Consumer clientId=consumer-nss-order-status-changed-1, groupId=nss-order-status-changed] Request joining group due to: group is already rebalancing
2026-09-01T10:47:49.328+07:00  INFO 26328 --- [nss-api] [        kafka-1] k.c.c.i.ConsumerRebalanceListenerInvoker : [Consumer clientId=consumer-nss-order-status-changed-1, groupId=nss-order-status-changed] Revoke previously assigned partitions order.status-changed-0
2026-09-01T10:47:49.328+07:00  INFO 26328 --- [nss-api] [        kafka-2] k.c.c.i.ConsumerRebalanceListenerInvoker : [Consumer clientId=consumer-nss-order-status-changed-2, groupId=nss-order-status-changed] Revoke previously assigned partitions order.status-changed-1
2026-09-01T10:47:49.329+07:00  INFO 26328 --- [nss-api] [        kafka-1] o.s.k.l.KafkaMessageListenerContainer    : nss-order-status-changed: partitions revoked: [order.status-changed-0]
2026-09-01T10:47:49.329+07:00  INFO 26328 --- [nss-api] [        kafka-2] o.s.k.l.KafkaMessageListenerContainer    : nss-order-status-changed: partitions revoked: [order.status-changed-1]
2026-09-01T10:47:49.329+07:00  INFO 26328 --- [nss-api] [        kafka-3] o.a.k.c.c.internals.ConsumerCoordinator  : [Consumer clientId=consumer-nss-order-status-changed-6, groupId=nss-order-status-changed] Request joining group due to: group is already rebalancing
2026-09-01T10:47:49.329+07:00  INFO 26328 --- [nss-api] [        kafka-3] o.a.k.c.c.internals.ConsumerCoordinator  : [Consumer clientId=consumer-nss-order-status-changed-3, groupId=nss-order-status-changed] Request joining group due to: group is already rebalancing
2026-09-01T10:47:49.329+07:00  INFO 26328 --- [nss-api] [        kafka-3] k.c.c.i.ConsumerRebalanceListenerInvoker : [Consumer clientId=consumer-nss-order-status-changed-6, groupId=nss-order-status-changed] Revoke previously assigned partitions 
2026-09-01T10:47:49.329+07:00  INFO 26328 --- [nss-api] [        kafka-3] k.c.c.i.ConsumerRebalanceListenerInvoker : [Consumer clientId=consumer-nss-order-status-changed-3, groupId=nss-order-status-changed] Revoke previously assigned partitions order.status-changed-2
2026-09-01T10:47:49.329+07:00  INFO 26328 --- [nss-api] [        kafka-3] o.s.k.l.KafkaMessageListenerContainer    : nss-order-status-changed: partitions revoked: [order.status-changed-2]
2026-09-01T10:47:49.329+07:00  INFO 26328 --- [nss-api] [        kafka-1] o.a.k.c.c.internals.ConsumerCoordinator  : [Consumer clientId=consumer-nss-order-status-changed-1, groupId=nss-order-status-changed] (Re-)joining group
2026-09-01T10:47:49.329+07:00  INFO 26328 --- [nss-api] [        kafka-2] o.a.k.c.c.internals.ConsumerCoordinator  : [Consumer clientId=consumer-nss-order-status-changed-2, groupId=nss-order-status-changed] (Re-)joining group
2026-09-01T10:47:49.329+07:00  INFO 26328 --- [nss-api] [        kafka-3] o.s.k.l.KafkaMessageListenerContainer    : nss-order-status-changed: partitions revoked: []
2026-09-01T10:47:49.329+07:00  INFO 26328 --- [nss-api] [        kafka-3] o.a.k.c.c.internals.ConsumerCoordinator  : [Consumer clientId=consumer-nss-order-status-changed-6, groupId=nss-order-status-changed] (Re-)joining group
2026-09-01T10:47:49.329+07:00  INFO 26328 --- [nss-api] [        kafka-2] o.a.k.c.c.internals.ConsumerCoordinator  : [Consumer clientId=consumer-nss-order-status-changed-5, groupId=nss-order-status-changed] Request joining group due to: group is already rebalancing
2026-09-01T10:47:49.329+07:00  INFO 26328 --- [nss-api] [        kafka-2] k.c.c.i.ConsumerRebalanceListenerInvoker : [Consumer clientId=consumer-nss-order-status-changed-5, groupId=nss-order-status-changed] Revoke previously assigned partitions 
2026-09-01T10:47:49.329+07:00  INFO 26328 --- [nss-api] [        kafka-2] o.s.k.l.KafkaMessageListenerContainer    : nss-order-status-changed: partitions revoked: []
2026-09-01T10:47:49.329+07:00  INFO 26328 --- [nss-api] [        kafka-2] o.a.k.c.c.internals.ConsumerCoordinator  : [Consumer clientId=consumer-nss-order-status-changed-5, groupId=nss-order-status-changed] (Re-)joining group
2026-09-01T10:47:49.329+07:00  INFO 26328 --- [nss-api] [        kafka-3] o.a.k.c.c.internals.ConsumerCoordinator  : [Consumer clientId=consumer-nss-order-status-changed-3, groupId=nss-order-status-changed] (Re-)joining group
2026-09-01T10:47:49.331+07:00  INFO 26328 --- [nss-api] [        kafka-1] o.a.k.c.c.internals.ConsumerCoordinator  : [Consumer clientId=consumer-nss-order-status-changed-4, groupId=nss-order-status-changed] Request joining group due to: group is already rebalancing
2026-09-01T10:47:49.331+07:00  INFO 26328 --- [nss-api] [        kafka-1] k.c.c.i.ConsumerRebalanceListenerInvoker : [Consumer clientId=consumer-nss-order-status-changed-4, groupId=nss-order-status-changed] Revoke previously assigned partitions 
2026-09-01T10:47:49.331+07:00  INFO 26328 --- [nss-api] [        kafka-1] o.s.k.l.KafkaMessageListenerContainer    : nss-order-status-changed: partitions revoked: []
2026-09-01T10:47:49.331+07:00  INFO 26328 --- [nss-api] [        kafka-1] o.a.k.c.c.internals.ConsumerCoordinator  : [Consumer clientId=consumer-nss-order-status-changed-4, groupId=nss-order-status-changed] (Re-)joining group
2026-09-01T10:47:49.335+07:00  INFO 26328 --- [nss-api] [        kafka-3] o.a.k.c.c.internals.ConsumerCoordinator  : [Consumer clientId=consumer-nss-order-status-changed-9, groupId=nss-order-status-changed] Successfully joined group with generation Generation{generationId=73, memberId='consumer-nss-order-status-changed-9-e5d9d6e6-12b5-40f0-9029-ebae49002b56', protocol='range'}
2026-09-01T10:47:49.335+07:00  INFO 26328 --- [nss-api] [        kafka-2] o.a.k.c.c.internals.ConsumerCoordinator  : [Consumer clientId=consumer-nss-order-status-changed-2, groupId=nss-order-status-changed] Successfully joined group with generation Generation{generationId=73, memberId='consumer-nss-order-status-changed-2-5dfeab12-7f0c-446f-a6fa-f1ef10ccbe34', protocol='range'}
2026-09-01T10:47:49.335+07:00  INFO 26328 --- [nss-api] [        kafka-3] o.a.k.c.c.internals.ConsumerCoordinator  : [Consumer clientId=consumer-nss-order-status-changed-3, groupId=nss-order-status-changed] Successfully joined group with generation Generation{generationId=73, memberId='consumer-nss-order-status-changed-3-02b80597-9eb4-4bc8-b529-c06fc24809d3', protocol='range'}
2026-09-01T10:47:49.336+07:00  INFO 26328 --- [nss-api] [        kafka-1] o.a.k.c.c.internals.ConsumerCoordinator  : [Consumer clientId=consumer-nss-order-status-changed-7, groupId=nss-order-status-changed] Successfully joined group with generation Generation{generationId=73, memberId='consumer-nss-order-status-changed-7-3a70a2aa-ce7c-43e3-88cb-1fa99b12a632', protocol='range'}
2026-09-01T10:47:49.335+07:00  INFO 26328 --- [nss-api] [        kafka-2] o.a.k.c.c.internals.ConsumerCoordinator  : [Consumer clientId=consumer-nss-order-status-changed-8, groupId=nss-order-status-changed] Successfully joined group with generation Generation{generationId=73, memberId='consumer-nss-order-status-changed-8-898fb925-14e2-49a7-a168-da9c370c030e', protocol='range'}
2026-09-01T10:47:49.336+07:00  INFO 26328 --- [nss-api] [        kafka-3] o.a.k.c.c.internals.ConsumerCoordinator  : [Consumer clientId=consumer-nss-order-status-changed-6, groupId=nss-order-status-changed] Successfully joined group with generation Generation{generationId=73, memberId='consumer-nss-order-status-changed-6-6cc1f454-f9da-4980-9e11-b35efb703d52', protocol='range'}
2026-09-01T10:47:49.337+07:00  INFO 26328 --- [nss-api] [        kafka-2] o.a.k.c.c.internals.ConsumerCoordinator  : [Consumer clientId=consumer-nss-order-status-changed-5, groupId=nss-order-status-changed] Successfully joined group with generation Generation{generationId=73, memberId='consumer-nss-order-status-changed-5-918ca483-737e-4ce6-97e8-4b0a4c0583c8', protocol='range'}
2026-09-01T10:47:49.337+07:00  INFO 26328 --- [nss-api] [        kafka-1] o.a.k.c.c.internals.ConsumerCoordinator  : [Consumer clientId=consumer-nss-order-status-changed-4, groupId=nss-order-status-changed] Successfully joined group with generation Generation{generationId=73, memberId='consumer-nss-order-status-changed-4-18f017a9-33e4-4c95-a598-b1f7291ca400', protocol='range'}
2026-09-01T10:47:49.337+07:00  INFO 26328 --- [nss-api] [        kafka-1] o.a.k.c.c.internals.ConsumerCoordinator  : [Consumer clientId=consumer-nss-order-status-changed-1, groupId=nss-order-status-changed] Successfully joined group with generation Generation{generationId=73, memberId='consumer-nss-order-status-changed-1-8a5538be-7ee7-4f63-961a-ce790ce36f3e', protocol='range'}
2026-09-01T10:47:49.338+07:00  INFO 26328 --- [nss-api] [        kafka-1] o.a.k.c.c.internals.ConsumerCoordinator  : [Consumer clientId=consumer-nss-order-status-changed-1, groupId=nss-order-status-changed] Finished assignment for group at generation 73: {consumer-nss-order-status-changed-7-3a70a2aa-ce7c-43e3-88cb-1fa99b12a632=Assignment(partitions=[]), consumer-nss-order-status-changed-8-898fb925-14e2-49a7-a168-da9c370c030e=Assignment(partitions=[]), consumer-nss-order-status-changed-1-8a5538be-7ee7-4f63-961a-ce790ce36f3e=Assignment(partitions=[order.status-changed-0]), consumer-nss-order-status-changed-5-918ca483-737e-4ce6-97e8-4b0a4c0583c8=Assignment(partitions=[]), consumer-nss-order-status-changed-4-18f017a9-33e4-4c95-a598-b1f7291ca400=Assignment(partitions=[]), consumer-nss-order-status-changed-2-5dfeab12-7f0c-446f-a6fa-f1ef10ccbe34=Assignment(partitions=[order.status-changed-1]), consumer-nss-order-status-changed-6-6cc1f454-f9da-4980-9e11-b35efb703d52=Assignment(partitions=[]), consumer-nss-order-status-changed-3-02b80597-9eb4-4bc8-b529-c06fc24809d3=Assignment(partitions=[order.status-changed-2]), consumer-nss-order-status-changed-9-e5d9d6e6-12b5-40f0-9029-ebae49002b56=Assignment(partitions=[])}
2026-09-01T10:47:49.344+07:00  INFO 26328 --- [nss-api] [        kafka-3] o.a.k.c.c.internals.ConsumerCoordinator  : [Consumer clientId=consumer-nss-order-status-changed-9, groupId=nss-order-status-changed] Successfully synced group in generation Generation{generationId=73, memberId='consumer-nss-order-status-changed-9-e5d9d6e6-12b5-40f0-9029-ebae49002b56', protocol='range'}
2026-09-01T10:47:49.344+07:00  INFO 26328 --- [nss-api] [        kafka-1] o.a.k.c.c.internals.ConsumerCoordinator  : [Consumer clientId=consumer-nss-order-status-changed-7, groupId=nss-order-status-changed] Successfully synced group in generation Generation{generationId=73, memberId='consumer-nss-order-status-changed-7-3a70a2aa-ce7c-43e3-88cb-1fa99b12a632', protocol='range'}
2026-09-01T10:47:49.344+07:00  INFO 26328 --- [nss-api] [        kafka-3] o.a.k.c.c.internals.ConsumerCoordinator  : [Consumer clientId=consumer-nss-order-status-changed-3, groupId=nss-order-status-changed] Successfully synced group in generation Generation{generationId=73, memberId='consumer-nss-order-status-changed-3-02b80597-9eb4-4bc8-b529-c06fc24809d3', protocol='range'}
2026-09-01T10:47:49.344+07:00  INFO 26328 --- [nss-api] [        kafka-2] o.a.k.c.c.internals.ConsumerCoordinator  : [Consumer clientId=consumer-nss-order-status-changed-5, groupId=nss-order-status-changed] Successfully synced group in generation Generation{generationId=73, memberId='consumer-nss-order-status-changed-5-918ca483-737e-4ce6-97e8-4b0a4c0583c8', protocol='range'}
2026-09-01T10:47:49.344+07:00  INFO 26328 --- [nss-api] [        kafka-1] o.a.k.c.c.internals.ConsumerCoordinator  : [Consumer clientId=consumer-nss-order-status-changed-7, groupId=nss-order-status-changed] Notifying assignor about the new Assignment(partitions=[])
2026-09-01T10:47:49.344+07:00  INFO 26328 --- [nss-api] [        kafka-1] k.c.c.i.ConsumerRebalanceListenerInvoker : [Consumer clientId=consumer-nss-order-status-changed-7, groupId=nss-order-status-changed] Adding newly assigned partitions: 
2026-09-01T10:47:49.344+07:00  INFO 26328 --- [nss-api] [        kafka-1] o.a.k.c.c.internals.ConsumerCoordinator  : [Consumer clientId=consumer-nss-order-status-changed-4, groupId=nss-order-status-changed] Successfully synced group in generation Generation{generationId=73, memberId='consumer-nss-order-status-changed-4-18f017a9-33e4-4c95-a598-b1f7291ca400', protocol='range'}
2026-09-01T10:47:49.344+07:00  INFO 26328 --- [nss-api] [        kafka-3] o.a.k.c.c.internals.ConsumerCoordinator  : [Consumer clientId=consumer-nss-order-status-changed-3, groupId=nss-order-status-changed] Notifying assignor about the new Assignment(partitions=[order.status-changed-2])
2026-09-01T10:47:49.344+07:00  INFO 26328 --- [nss-api] [        kafka-2] o.a.k.c.c.internals.ConsumerCoordinator  : [Consumer clientId=consumer-nss-order-status-changed-5, groupId=nss-order-status-changed] Notifying assignor about the new Assignment(partitions=[])
2026-09-01T10:47:49.344+07:00  INFO 26328 --- [nss-api] [        kafka-1] o.s.k.l.KafkaMessageListenerContainer    : nss-order-status-changed: partitions assigned: []
2026-09-01T10:47:49.344+07:00  INFO 26328 --- [nss-api] [        kafka-2] k.c.c.i.ConsumerRebalanceListenerInvoker : [Consumer clientId=consumer-nss-order-status-changed-5, groupId=nss-order-status-changed] Adding newly assigned partitions: 
2026-09-01T10:47:49.344+07:00  INFO 26328 --- [nss-api] [        kafka-3] o.a.k.c.c.internals.ConsumerCoordinator  : [Consumer clientId=consumer-nss-order-status-changed-9, groupId=nss-order-status-changed] Notifying assignor about the new Assignment(partitions=[])
2026-09-01T10:47:49.344+07:00  INFO 26328 --- [nss-api] [        kafka-3] k.c.c.i.ConsumerRebalanceListenerInvoker : [Consumer clientId=consumer-nss-order-status-changed-9, groupId=nss-order-status-changed] Adding newly assigned partitions: 
2026-09-01T10:47:49.344+07:00  INFO 26328 --- [nss-api] [        kafka-1] o.a.k.c.c.internals.ConsumerCoordinator  : [Consumer clientId=consumer-nss-order-status-changed-4, groupId=nss-order-status-changed] Notifying assignor about the new Assignment(partitions=[])
2026-09-01T10:47:49.344+07:00  INFO 26328 --- [nss-api] [        kafka-3] o.s.k.l.KafkaMessageListenerContainer    : nss-order-status-changed: partitions assigned: []
2026-09-01T10:47:49.344+07:00  INFO 26328 --- [nss-api] [        kafka-2] o.s.k.l.KafkaMessageListenerContainer    : nss-order-status-changed: partitions assigned: []
2026-09-01T10:47:49.344+07:00  INFO 26328 --- [nss-api] [        kafka-1] k.c.c.i.ConsumerRebalanceListenerInvoker : [Consumer clientId=consumer-nss-order-status-changed-4, groupId=nss-order-status-changed] Adding newly assigned partitions: 
2026-09-01T10:47:49.345+07:00  INFO 26328 --- [nss-api] [        kafka-1] o.s.k.l.KafkaMessageListenerContainer    : nss-order-status-changed: partitions assigned: []
2026-09-01T10:47:49.345+07:00  INFO 26328 --- [nss-api] [        kafka-3] k.c.c.i.ConsumerRebalanceListenerInvoker : [Consumer clientId=consumer-nss-order-status-changed-3, groupId=nss-order-status-changed] Adding newly assigned partitions: order.status-changed-2
2026-09-01T10:47:49.345+07:00  INFO 26328 --- [nss-api] [        kafka-2] o.a.k.c.c.internals.ConsumerCoordinator  : [Consumer clientId=consumer-nss-order-status-changed-8, groupId=nss-order-status-changed] Successfully synced group in generation Generation{generationId=73, memberId='consumer-nss-order-status-changed-8-898fb925-14e2-49a7-a168-da9c370c030e', protocol='range'}
2026-09-01T10:47:49.345+07:00  INFO 26328 --- [nss-api] [        kafka-2] o.a.k.c.c.internals.ConsumerCoordinator  : [Consumer clientId=consumer-nss-order-status-changed-8, groupId=nss-order-status-changed] Notifying assignor about the new Assignment(partitions=[])
2026-09-01T10:47:49.345+07:00  INFO 26328 --- [nss-api] [        kafka-2] k.c.c.i.ConsumerRebalanceListenerInvoker : [Consumer clientId=consumer-nss-order-status-changed-8, groupId=nss-order-status-changed] Adding newly assigned partitions: 
2026-09-01T10:47:49.345+07:00  INFO 26328 --- [nss-api] [        kafka-2] o.s.k.l.KafkaMessageListenerContainer    : nss-order-status-changed: partitions assigned: []
2026-09-01T10:47:49.346+07:00  INFO 26328 --- [nss-api] [        kafka-3] o.a.k.c.c.internals.ConsumerCoordinator  : [Consumer clientId=consumer-nss-order-status-changed-6, groupId=nss-order-status-changed] Successfully synced group in generation Generation{generationId=73, memberId='consumer-nss-order-status-changed-6-6cc1f454-f9da-4980-9e11-b35efb703d52', protocol='range'}
2026-09-01T10:47:49.346+07:00  INFO 26328 --- [nss-api] [        kafka-2] o.a.k.c.c.internals.ConsumerCoordinator  : [Consumer clientId=consumer-nss-order-status-changed-2, groupId=nss-order-status-changed] Successfully synced group in generation Generation{generationId=73, memberId='consumer-nss-order-status-changed-2-5dfeab12-7f0c-446f-a6fa-f1ef10ccbe34', protocol='range'}
2026-09-01T10:47:49.347+07:00  INFO 26328 --- [nss-api] [        kafka-3] o.a.k.c.c.internals.ConsumerCoordinator  : [Consumer clientId=consumer-nss-order-status-changed-6, groupId=nss-order-status-changed] Notifying assignor about the new Assignment(partitions=[])
2026-09-01T10:47:49.347+07:00  INFO 26328 --- [nss-api] [        kafka-3] k.c.c.i.ConsumerRebalanceListenerInvoker : [Consumer clientId=consumer-nss-order-status-changed-6, groupId=nss-order-status-changed] Adding newly assigned partitions: 
2026-09-01T10:47:49.347+07:00  INFO 26328 --- [nss-api] [        kafka-2] o.a.k.c.c.internals.ConsumerCoordinator  : [Consumer clientId=consumer-nss-order-status-changed-2, groupId=nss-order-status-changed] Notifying assignor about the new Assignment(partitions=[order.status-changed-1])
2026-09-01T10:47:49.347+07:00  INFO 26328 --- [nss-api] [        kafka-3] o.s.k.l.KafkaMessageListenerContainer    : nss-order-status-changed: partitions assigned: []
2026-09-01T10:47:49.347+07:00  INFO 26328 --- [nss-api] [        kafka-2] k.c.c.i.ConsumerRebalanceListenerInvoker : [Consumer clientId=consumer-nss-order-status-changed-2, groupId=nss-order-status-changed] Adding newly assigned partitions: order.status-changed-1
2026-09-01T10:47:49.347+07:00  INFO 26328 --- [nss-api] [        kafka-1] o.a.k.c.c.internals.ConsumerCoordinator  : [Consumer clientId=consumer-nss-order-status-changed-1, groupId=nss-order-status-changed] Successfully synced group in generation Generation{generationId=73, memberId='consumer-nss-order-status-changed-1-8a5538be-7ee7-4f63-961a-ce790ce36f3e', protocol='range'}
2026-09-01T10:47:49.348+07:00  INFO 26328 --- [nss-api] [        kafka-1] o.a.k.c.c.internals.ConsumerCoordinator  : [Consumer clientId=consumer-nss-order-status-changed-1, groupId=nss-order-status-changed] Notifying assignor about the new Assignment(partitions=[order.status-changed-0])
2026-09-01T10:47:49.348+07:00  INFO 26328 --- [nss-api] [        kafka-1] k.c.c.i.ConsumerRebalanceListenerInvoker : [Consumer clientId=consumer-nss-order-status-changed-1, groupId=nss-order-status-changed] Adding newly assigned partitions: order.status-changed-0
2026-09-01T10:47:49.349+07:00  INFO 26328 --- [nss-api] [        kafka-3] o.a.k.c.c.internals.ConsumerUtils        : Setting offset for partition order.status-changed-2 to the committed offset FetchPosition{offset=23, offsetEpoch=Optional.empty, currentLeader=LeaderAndEpoch{leader=Optional[localhost:9094 (id: 1 rack: null)], epoch=2}}
2026-09-01T10:47:49.349+07:00  INFO 26328 --- [nss-api] [        kafka-3] o.s.k.l.KafkaMessageListenerContainer    : nss-order-status-changed: partitions assigned: [order.status-changed-2]
2026-09-01T10:47:49.349+07:00  INFO 26328 --- [nss-api] [        kafka-2] o.a.k.c.c.internals.ConsumerUtils        : Setting offset for partition order.status-changed-1 to the committed offset FetchPosition{offset=29, offsetEpoch=Optional.empty, currentLeader=LeaderAndEpoch{leader=Optional[localhost:9094 (id: 1 rack: null)], epoch=2}}
2026-09-01T10:47:49.350+07:00  INFO 26328 --- [nss-api] [        kafka-2] o.s.k.l.KafkaMessageListenerContainer    : nss-order-status-changed: partitions assigned: [order.status-changed-1]
2026-09-01T10:47:49.351+07:00  INFO 26328 --- [nss-api] [        kafka-1] o.a.k.c.c.internals.ConsumerUtils        : Setting offset for partition order.status-changed-0 to the committed offset FetchPosition{offset=49, offsetEpoch=Optional.empty, currentLeader=LeaderAndEpoch{leader=Optional[localhost:9094 (id: 1 rack: null)], epoch=2}}
2026-09-01T10:47:49.351+07:00  INFO 26328 --- [nss-api] [        kafka-1] o.s.k.l.KafkaMessageListenerContainer    : nss-order-status-changed: partitions assigned: [order.status-changed-0]
2026-09-01T10:47:49.660+07:00  INFO 26328 --- [nss-api] [           main] .s.d.r.c.RepositoryConfigurationDelegate : Multiple Spring Data modules found, entering strict repository configuration mode
2026-09-01T10:47:49.660+07:00  INFO 26328 --- [nss-api] [           main] .s.d.r.c.RepositoryConfigurationDelegate : Bootstrapping Spring Data Redis repositories in DEFAULT mode.
2026-09-01T10:47:49.683+07:00  INFO 26328 --- [nss-api] [           main] .RepositoryConfigurationExtensionSupport : Spring Data Redis - Could not safely identify store assignment for repository candidate interface com.nss.ddd.infrastructure.persistence.mapper.BrandJPAMapper; If you want this repository to be a Redis repository, consider annotating your entities with one of these annotations: org.springframework.data.redis.core.RedisHash (preferred), or consider extending one of the following types with your repository: org.springframework.data.keyvalue.repository.KeyValueRepository
2026-09-01T10:47:49.683+07:00  INFO 26328 --- [nss-api] [           main] .RepositoryConfigurationExtensionSupport : Spring Data Redis - Could not safely identify store assignment for repository candidate interface com.nss.ddd.infrastructure.persistence.mapper.CategoryJPAMapper; If you want this repository to be a Redis repository, consider annotating your entities with one of these annotations: org.springframework.data.redis.core.RedisHash (preferred), or consider extending one of the following types with your repository: org.springframework.data.keyvalue.repository.KeyValueRepository
2026-09-01T10:47:49.683+07:00  INFO 26328 --- [nss-api] [           main] .RepositoryConfigurationExtensionSupport : Spring Data Redis - Could not safely identify store assignment for repository candidate interface com.nss.ddd.infrastructure.persistence.mapper.CouponJPAMapper; If you want this repository to be a Redis repository, consider annotating your entities with one of these annotations: org.springframework.data.redis.core.RedisHash (preferred), or consider extending one of the following types with your repository: org.springframework.data.keyvalue.repository.KeyValueRepository
2026-09-01T10:47:49.683+07:00  INFO 26328 --- [nss-api] [           main] .RepositoryConfigurationExtensionSupport : Spring Data Redis - Could not safely identify store assignment for repository candidate interface com.nss.ddd.infrastructure.persistence.mapper.IdempotencyKeyJPAMapper; If you want this repository to be a Redis repository, consider annotating your entities with one of these annotations: org.springframework.data.redis.core.RedisHash (preferred), or consider extending one of the following types with your repository: org.springframework.data.keyvalue.repository.KeyValueRepository
2026-09-01T10:47:49.683+07:00  INFO 26328 --- [nss-api] [           main] .RepositoryConfigurationExtensionSupport : Spring Data Redis - Could not safely identify store assignment for repository candidate interface com.nss.ddd.infrastructure.persistence.mapper.OrderItemJPAMapper; If you want this repository to be a Redis repository, consider annotating your entities with one of these annotations: org.springframework.data.redis.core.RedisHash (preferred), or consider extending one of the following types with your repository: org.springframework.data.keyvalue.repository.KeyValueRepository
2026-09-01T10:47:49.683+07:00  INFO 26328 --- [nss-api] [           main] .RepositoryConfigurationExtensionSupport : Spring Data Redis - Could not safely identify store assignment for repository candidate interface com.nss.ddd.infrastructure.persistence.mapper.OrderJPAMapper; If you want this repository to be a Redis repository, consider annotating your entities with one of these annotations: org.springframework.data.redis.core.RedisHash (preferred), or consider extending one of the following types with your repository: org.springframework.data.keyvalue.repository.KeyValueRepository
2026-09-01T10:47:49.683+07:00  INFO 26328 --- [nss-api] [           main] .RepositoryConfigurationExtensionSupport : Spring Data Redis - Could not safely identify store assignment for repository candidate interface com.nss.ddd.infrastructure.persistence.mapper.OrderStatusHistoryJPAMapper; If you want this repository to be a Redis repository, consider annotating your entities with one of these annotations: org.springframework.data.redis.core.RedisHash (preferred), or consider extending one of the following types with your repository: org.springframework.data.keyvalue.repository.KeyValueRepository
2026-09-01T10:47:49.683+07:00  INFO 26328 --- [nss-api] [           main] .RepositoryConfigurationExtensionSupport : Spring Data Redis - Could not safely identify store assignment for repository candidate interface com.nss.ddd.infrastructure.persistence.mapper.OutboxEventJPAMapper; If you want this repository to be a Redis repository, consider annotating your entities with one of these annotations: org.springframework.data.redis.core.RedisHash (preferred), or consider extending one of the following types with your repository: org.springframework.data.keyvalue.repository.KeyValueRepository
2026-09-01T10:47:49.683+07:00  INFO 26328 --- [nss-api] [           main] .RepositoryConfigurationExtensionSupport : Spring Data Redis - Could not safely identify store assignment for repository candidate interface com.nss.ddd.infrastructure.persistence.mapper.PasswordResetTokenJPAMapper; If you want this repository to be a Redis repository, consider annotating your entities with one of these annotations: org.springframework.data.redis.core.RedisHash (preferred), or consider extending one of the following types with your repository: org.springframework.data.keyvalue.repository.KeyValueRepository
2026-09-01T10:47:49.683+07:00  INFO 26328 --- [nss-api] [           main] .RepositoryConfigurationExtensionSupport : Spring Data Redis - Could not safely identify store assignment for repository candidate interface com.nss.ddd.infrastructure.persistence.mapper.ProductImageJPAMapper; If you want this repository to be a Redis repository, consider annotating your entities with one of these annotations: org.springframework.data.redis.core.RedisHash (preferred), or consider extending one of the following types with your repository: org.springframework.data.keyvalue.repository.KeyValueRepository
2026-09-01T10:47:49.683+07:00  INFO 26328 --- [nss-api] [           main] .RepositoryConfigurationExtensionSupport : Spring Data Redis - Could not safely identify store assignment for repository candidate interface com.nss.ddd.infrastructure.persistence.mapper.ProductJPAMapper; If you want this repository to be a Redis repository, consider annotating your entities with one of these annotations: org.springframework.data.redis.core.RedisHash (preferred), or consider extending one of the following types with your repository: org.springframework.data.keyvalue.repository.KeyValueRepository
2026-09-01T10:47:49.683+07:00  INFO 26328 --- [nss-api] [           main] .RepositoryConfigurationExtensionSupport : Spring Data Redis - Could not safely identify store assignment for repository candidate interface com.nss.ddd.infrastructure.persistence.mapper.RefreshTokenJPAMapper; If you want this repository to be a Redis repository, consider annotating your entities with one of these annotations: org.springframework.data.redis.core.RedisHash (preferred), or consider extending one of the following types with your repository: org.springframework.data.keyvalue.repository.KeyValueRepository
2026-09-01T10:47:49.683+07:00  INFO 26328 --- [nss-api] [           main] .RepositoryConfigurationExtensionSupport : Spring Data Redis - Could not safely identify store assignment for repository candidate interface com.nss.ddd.infrastructure.persistence.mapper.ReviewJPAMapper; If you want this repository to be a Redis repository, consider annotating your entities with one of these annotations: org.springframework.data.redis.core.RedisHash (preferred), or consider extending one of the following types with your repository: org.springframework.data.keyvalue.repository.KeyValueRepository
2026-09-01T10:47:49.684+07:00  INFO 26328 --- [nss-api] [           main] .RepositoryConfigurationExtensionSupport : Spring Data Redis - Could not safely identify store assignment for repository candidate interface com.nss.ddd.infrastructure.persistence.mapper.UserJPAMapper; If you want this repository to be a Redis repository, consider annotating your entities with one of these annotations: org.springframework.data.redis.core.RedisHash (preferred), or consider extending one of the following types with your repository: org.springframework.data.keyvalue.repository.KeyValueRepository
2026-09-01T10:47:49.684+07:00  INFO 26328 --- [nss-api] [           main] .RepositoryConfigurationExtensionSupport : Spring Data Redis - Could not safely identify store assignment for repository candidate interface com.nss.ddd.infrastructure.persistence.mapper.UserRoleJPAMapper; If you want this repository to be a Redis repository, consider annotating your entities with one of these annotations: org.springframework.data.redis.core.RedisHash (preferred), or consider extending one of the following types with your repository: org.springframework.data.keyvalue.repository.KeyValueRepository
2026-09-01T10:47:49.684+07:00  INFO 26328 --- [nss-api] [           main] .s.d.r.c.RepositoryConfigurationDelegate : Finished Spring Data repository scanning in 24 ms. Found 0 Redis repository interfaces.
2026-09-01T10:47:49.773+07:00  INFO 26328 --- [nss-api] [           main] c.n.d.c.config.ApiRateLimitInterceptor   : ApiRateLimitInterceptor: wired | auth=100000/PT1S write=100000/PT1S read=100000/PT1S timeout=PT0S
2026-09-01T10:47:49.876+07:00  INFO 26328 --- [nss-api] [           main] c.n.d.a.s.mail.impl.MailAppServiceImpl   : MailAppServiceImpl: mail circuit breaker wired | name=mail windowType=COUNT_BASED windowSize=20 minCalls=10 failureRate=50% wait=PT1M halfOpenCalls=3 autoHalfOpen=true
2026-09-01T10:47:50.238+07:00  INFO 26328 --- [nss-api] [           main] o.s.b.t.m.w.SpringBootMockServletContext : Initializing Spring TestDispatcherServlet ''
2026-09-01T10:47:50.238+07:00  INFO 26328 --- [nss-api] [           main] o.s.t.web.servlet.TestDispatcherServlet  : Initializing Servlet ''
2026-09-01T10:47:50.240+07:00  INFO 26328 --- [nss-api] [           main] o.s.t.web.servlet.TestDispatcherServlet  : Completed initialization in 2 ms
2026-09-01T10:47:50.263+07:00  INFO 26328 --- [nss-api] [           main] o.a.k.clients.admin.AdminClientConfig    : AdminClientConfig values: 
	auto.include.jmx.reporter = true
	bootstrap.controllers = []
	bootstrap.servers = [localhost:9094]
	client.dns.lookup = use_all_dns_ips
	client.id = nss-api-admin-3
	connections.max.idle.ms = 300000
	default.api.timeout.ms = 60000
	enable.metrics.push = true
	metadata.max.age.ms = 300000
	metric.reporters = []
	metrics.num.samples = 2
	metrics.recording.level = INFO
	metrics.sample.window.ms = 30000
	receive.buffer.bytes = 65536
	reconnect.backoff.max.ms = 1000
	reconnect.backoff.ms = 50
	request.timeout.ms = 30000
	retries = 2147483647
	retry.backoff.max.ms = 1000
	retry.backoff.ms = 100
	sasl.client.callback.handler.class = null
	sasl.jaas.config = null
	sasl.kerberos.kinit.cmd = /usr/bin/kinit
	sasl.kerberos.min.time.before.relogin = 60000
	sasl.kerberos.service.name = null
	sasl.kerberos.ticket.renew.jitter = 0.05
	sasl.kerberos.ticket.renew.window.factor = 0.8
	sasl.login.callback.handler.class = null
	sasl.login.class = null
	sasl.login.connect.timeout.ms = null
	sasl.login.read.timeout.ms = null
	sasl.login.refresh.buffer.seconds = 300
	sasl.login.refresh.min.period.seconds = 60
	sasl.login.refresh.window.factor = 0.8
	sasl.login.refresh.window.jitter = 0.05
	sasl.login.retry.backoff.max.ms = 10000
	sasl.login.retry.backoff.ms = 100
	sasl.mechanism = GSSAPI
	sasl.oauthbearer.clock.skew.seconds = 30
	sasl.oauthbearer.expected.audience = null
	sasl.oauthbearer.expected.issuer = null
	sasl.oauthbearer.jwks.endpoint.refresh.ms = 3600000
	sasl.oauthbearer.jwks.endpoint.retry.backoff.max.ms = 10000
	sasl.oauthbearer.jwks.endpoint.retry.backoff.ms = 100
	sasl.oauthbearer.jwks.endpoint.url = null
	sasl.oauthbearer.scope.claim.name = scope
	sasl.oauthbearer.sub.claim.name = sub
	sasl.oauthbearer.token.endpoint.url = null
	security.protocol = PLAINTEXT
	security.providers = null
	send.buffer.bytes = 131072
	socket.connection.setup.timeout.max.ms = 30000
	socket.connection.setup.timeout.ms = 10000
	ssl.cipher.suites = null
	ssl.enabled.protocols = [TLSv1.2, TLSv1.3]
	ssl.endpoint.identification.algorithm = https
	ssl.engine.factory.class = null
	ssl.key.password = null
	ssl.keymanager.algorithm = SunX509
	ssl.keystore.certificate.chain = null
	ssl.keystore.key = null
	ssl.keystore.location = null
	ssl.keystore.password = null
	ssl.keystore.type = JKS
	ssl.protocol = TLSv1.3
	ssl.provider = null
	ssl.secure.random.implementation = null
	ssl.trustmanager.algorithm = PKIX
	ssl.truststore.certificates = null
	ssl.truststore.location = null
	ssl.truststore.password = null
	ssl.truststore.type = JKS

2026-09-01T10:47:50.270+07:00  INFO 26328 --- [nss-api] [           main] o.a.kafka.common.utils.AppInfoParser     : Kafka version: 3.7.1
2026-09-01T10:47:50.270+07:00  INFO 26328 --- [nss-api] [           main] o.a.kafka.common.utils.AppInfoParser     : Kafka commitId: e2494e6ffb89f828
2026-09-01T10:47:50.270+07:00  INFO 26328 --- [nss-api] [           main] o.a.kafka.common.utils.AppInfoParser     : Kafka startTimeMs: 1788234470270
2026-09-01T10:47:50.292+07:00  INFO 26328 --- [nss-api] [nss-api-admin-3] o.a.kafka.common.utils.AppInfoParser     : App info kafka.admin.client for nss-api-admin-3 unregistered
2026-09-01T10:47:50.295+07:00  INFO 26328 --- [nss-api] [nss-api-admin-3] o.apache.kafka.common.metrics.Metrics    : Metrics scheduler closed
2026-09-01T10:47:50.295+07:00  INFO 26328 --- [nss-api] [nss-api-admin-3] o.apache.kafka.common.metrics.Metrics    : Closing reporter org.apache.kafka.common.metrics.JmxReporter
2026-09-01T10:47:50.295+07:00  INFO 26328 --- [nss-api] [nss-api-admin-3] o.apache.kafka.common.metrics.Metrics    : Metrics reporters closed
2026-09-01T10:47:50.298+07:00  INFO 26328 --- [nss-api] [           main] o.a.k.clients.consumer.ConsumerConfig    : ConsumerConfig values: 
	allow.auto.create.topics = true
	auto.commit.interval.ms = 5000
	auto.include.jmx.reporter = true
	auto.offset.reset = earliest
	bootstrap.servers = [localhost:9094]
	check.crcs = true
	client.dns.lookup = use_all_dns_ips
	client.id = consumer-nss-order-status-changed-10
	client.rack = 
	connections.max.idle.ms = 540000
	default.api.timeout.ms = 60000
	enable.auto.commit = false
	enable.metrics.push = true
	exclude.internal.topics = true
	fetch.max.bytes = 52428800
	fetch.max.wait.ms = 500
	fetch.min.bytes = 1
	group.id = nss-order-status-changed
	group.instance.id = null
	group.protocol = classic
	group.remote.assignor = null
	heartbeat.interval.ms = 3000
	interceptor.classes = []
	internal.leave.group.on.close = true
	internal.throw.on.fetch.stable.offset.unsupported = false
	isolation.level = read_uncommitted
	key.deserializer = class org.apache.kafka.common.serialization.StringDeserializer
	max.partition.fetch.bytes = 1048576
	max.poll.interval.ms = 300000
	max.poll.records = 500
	metadata.max.age.ms = 300000
	metric.reporters = []
	metrics.num.samples = 2
	metrics.recording.level = INFO
	metrics.sample.window.ms = 30000
	partition.assignment.strategy = [class org.apache.kafka.clients.consumer.RangeAssignor, class org.apache.kafka.clients.consumer.CooperativeStickyAssignor]
	receive.buffer.bytes = 65536
	reconnect.backoff.max.ms = 1000
	reconnect.backoff.ms = 50
	request.timeout.ms = 30000
	retry.backoff.max.ms = 1000
	retry.backoff.ms = 100
	sasl.client.callback.handler.class = null
	sasl.jaas.config = null
	sasl.kerberos.kinit.cmd = /usr/bin/kinit
	sasl.kerberos.min.time.before.relogin = 60000
	sasl.kerberos.service.name = null
	sasl.kerberos.ticket.renew.jitter = 0.05
	sasl.kerberos.ticket.renew.window.factor = 0.8
	sasl.login.callback.handler.class = null
	sasl.login.class = null
	sasl.login.connect.timeout.ms = null
	sasl.login.read.timeout.ms = null
	sasl.login.refresh.buffer.seconds = 300
	sasl.login.refresh.min.period.seconds = 60
	sasl.login.refresh.window.factor = 0.8
	sasl.login.refresh.window.jitter = 0.05
	sasl.login.retry.backoff.max.ms = 10000
	sasl.login.retry.backoff.ms = 100
	sasl.mechanism = GSSAPI
	sasl.oauthbearer.clock.skew.seconds = 30
	sasl.oauthbearer.expected.audience = null
	sasl.oauthbearer.expected.issuer = null
	sasl.oauthbearer.jwks.endpoint.refresh.ms = 3600000
	sasl.oauthbearer.jwks.endpoint.retry.backoff.max.ms = 10000
	sasl.oauthbearer.jwks.endpoint.retry.backoff.ms = 100
	sasl.oauthbearer.jwks.endpoint.url = null
	sasl.oauthbearer.scope.claim.name = scope
	sasl.oauthbearer.sub.claim.name = sub
	sasl.oauthbearer.token.endpoint.url = null
	security.protocol = PLAINTEXT
	security.providers = null
	send.buffer.bytes = 131072
	session.timeout.ms = 45000
	socket.connection.setup.timeout.max.ms = 30000
	socket.connection.setup.timeout.ms = 10000
	ssl.cipher.suites = null
	ssl.enabled.protocols = [TLSv1.2, TLSv1.3]
	ssl.endpoint.identification.algorithm = https
	ssl.engine.factory.class = null
	ssl.key.password = null
	ssl.keymanager.algorithm = SunX509
	ssl.keystore.certificate.chain = null
	ssl.keystore.key = null
	ssl.keystore.location = null
	ssl.keystore.password = null
	ssl.keystore.type = JKS
	ssl.protocol = TLSv1.3
	ssl.provider = null
	ssl.secure.random.implementation = null
	ssl.trustmanager.algorithm = PKIX
	ssl.truststore.certificates = null
	ssl.truststore.location = null
	ssl.truststore.password = null
	ssl.truststore.type = JKS
	value.deserializer = class org.apache.kafka.common.serialization.StringDeserializer

2026-09-01T10:47:50.298+07:00  INFO 26328 --- [nss-api] [           main] o.a.k.c.t.i.KafkaMetricsCollector        : initializing Kafka metrics collector
2026-09-01T10:47:50.303+07:00  INFO 26328 --- [nss-api] [           main] o.a.kafka.common.utils.AppInfoParser     : Kafka version: 3.7.1
2026-09-01T10:47:50.303+07:00  INFO 26328 --- [nss-api] [           main] o.a.kafka.common.utils.AppInfoParser     : Kafka commitId: e2494e6ffb89f828
2026-09-01T10:47:50.303+07:00  INFO 26328 --- [nss-api] [           main] o.a.kafka.common.utils.AppInfoParser     : Kafka startTimeMs: 1788234470303
2026-09-01T10:47:50.304+07:00  INFO 26328 --- [nss-api] [           main] o.a.k.c.c.internals.LegacyKafkaConsumer  : [Consumer clientId=consumer-nss-order-status-changed-10, groupId=nss-order-status-changed] Subscribed to topic(s): order.status-changed
2026-09-01T10:47:50.306+07:00  INFO 26328 --- [nss-api] [           main] o.a.k.clients.consumer.ConsumerConfig    : ConsumerConfig values: 
	allow.auto.create.topics = true
	auto.commit.interval.ms = 5000
	auto.include.jmx.reporter = true
	auto.offset.reset = earliest
	bootstrap.servers = [localhost:9094]
	check.crcs = true
	client.dns.lookup = use_all_dns_ips
	client.id = consumer-nss-order-status-changed-11
	client.rack = 
	connections.max.idle.ms = 540000
	default.api.timeout.ms = 60000
	enable.auto.commit = false
	enable.metrics.push = true
	exclude.internal.topics = true
	fetch.max.bytes = 52428800
	fetch.max.wait.ms = 500
	fetch.min.bytes = 1
	group.id = nss-order-status-changed
	group.instance.id = null
	group.protocol = classic
	group.remote.assignor = null
	heartbeat.interval.ms = 3000
	interceptor.classes = []
	internal.leave.group.on.close = true
	internal.throw.on.fetch.stable.offset.unsupported = false
	isolation.level = read_uncommitted
	key.deserializer = class org.apache.kafka.common.serialization.StringDeserializer
	max.partition.fetch.bytes = 1048576
	max.poll.interval.ms = 300000
	max.poll.records = 500
	metadata.max.age.ms = 300000
	metric.reporters = []
	metrics.num.samples = 2
	metrics.recording.level = INFO
	metrics.sample.window.ms = 30000
	partition.assignment.strategy = [class org.apache.kafka.clients.consumer.RangeAssignor, class org.apache.kafka.clients.consumer.CooperativeStickyAssignor]
	receive.buffer.bytes = 65536
	reconnect.backoff.max.ms = 1000
	reconnect.backoff.ms = 50
	request.timeout.ms = 30000
	retry.backoff.max.ms = 1000
	retry.backoff.ms = 100
	sasl.client.callback.handler.class = null
	sasl.jaas.config = null
	sasl.kerberos.kinit.cmd = /usr/bin/kinit
	sasl.kerberos.min.time.before.relogin = 60000
	sasl.kerberos.service.name = null
	sasl.kerberos.ticket.renew.jitter = 0.05
	sasl.kerberos.ticket.renew.window.factor = 0.8
	sasl.login.callback.handler.class = null
	sasl.login.class = null
	sasl.login.connect.timeout.ms = null
	sasl.login.read.timeout.ms = null
	sasl.login.refresh.buffer.seconds = 300
	sasl.login.refresh.min.period.seconds = 60
	sasl.login.refresh.window.factor = 0.8
	sasl.login.refresh.window.jitter = 0.05
	sasl.login.retry.backoff.max.ms = 10000
	sasl.login.retry.backoff.ms = 100
	sasl.mechanism = GSSAPI
	sasl.oauthbearer.clock.skew.seconds = 30
	sasl.oauthbearer.expected.audience = null
	sasl.oauthbearer.expected.issuer = null
	sasl.oauthbearer.jwks.endpoint.refresh.ms = 3600000
	sasl.oauthbearer.jwks.endpoint.retry.backoff.max.ms = 10000
	sasl.oauthbearer.jwks.endpoint.retry.backoff.ms = 100
	sasl.oauthbearer.jwks.endpoint.url = null
	sasl.oauthbearer.scope.claim.name = scope
	sasl.oauthbearer.sub.claim.name = sub
	sasl.oauthbearer.token.endpoint.url = null
	security.protocol = PLAINTEXT
	security.providers = null
	send.buffer.bytes = 131072
	session.timeout.ms = 45000
	socket.connection.setup.timeout.max.ms = 30000
	socket.connection.setup.timeout.ms = 10000
	ssl.cipher.suites = null
	ssl.enabled.protocols = [TLSv1.2, TLSv1.3]
	ssl.endpoint.identification.algorithm = https
	ssl.engine.factory.class = null
	ssl.key.password = null
	ssl.keymanager.algorithm = SunX509
	ssl.keystore.certificate.chain = null
	ssl.keystore.key = null
	ssl.keystore.location = null
	ssl.keystore.password = null
	ssl.keystore.type = JKS
	ssl.protocol = TLSv1.3
	ssl.provider = null
	ssl.secure.random.implementation = null
	ssl.trustmanager.algorithm = PKIX
	ssl.truststore.certificates = null
	ssl.truststore.location = null
	ssl.truststore.password = null
	ssl.truststore.type = JKS
	value.deserializer = class org.apache.kafka.common.serialization.StringDeserializer

2026-09-01T10:47:50.306+07:00  INFO 26328 --- [nss-api] [           main] o.a.k.c.t.i.KafkaMetricsCollector        : initializing Kafka metrics collector
2026-09-01T10:47:50.312+07:00  INFO 26328 --- [nss-api] [           main] o.a.kafka.common.utils.AppInfoParser     : Kafka version: 3.7.1
2026-09-01T10:47:50.312+07:00  INFO 26328 --- [nss-api] [           main] o.a.kafka.common.utils.AppInfoParser     : Kafka commitId: e2494e6ffb89f828
2026-09-01T10:47:50.312+07:00  INFO 26328 --- [nss-api] [           main] o.a.kafka.common.utils.AppInfoParser     : Kafka startTimeMs: 1788234470312
2026-09-01T10:47:50.312+07:00  INFO 26328 --- [nss-api] [           main] o.a.k.c.c.internals.LegacyKafkaConsumer  : [Consumer clientId=consumer-nss-order-status-changed-11, groupId=nss-order-status-changed] Subscribed to topic(s): order.status-changed
2026-09-01T10:47:50.313+07:00  INFO 26328 --- [nss-api] [        kafka-1] org.apache.kafka.clients.Metadata        : [Consumer clientId=consumer-nss-order-status-changed-10, groupId=nss-order-status-changed] Cluster ID: Some(5L6g3nShT-eMCtK--X86sw)
2026-09-01T10:47:50.314+07:00  INFO 26328 --- [nss-api] [           main] o.a.k.clients.consumer.ConsumerConfig    : ConsumerConfig values: 
	allow.auto.create.topics = true
	auto.commit.interval.ms = 5000
	auto.include.jmx.reporter = true
	auto.offset.reset = earliest
	bootstrap.servers = [localhost:9094]
	check.crcs = true
	client.dns.lookup = use_all_dns_ips
	client.id = consumer-nss-order-status-changed-12
	client.rack = 
	connections.max.idle.ms = 540000
	default.api.timeout.ms = 60000
	enable.auto.commit = false
	enable.metrics.push = true
	exclude.internal.topics = true
	fetch.max.bytes = 52428800
	fetch.max.wait.ms = 500
	fetch.min.bytes = 1
	group.id = nss-order-status-changed
	group.instance.id = null
	group.protocol = classic
	group.remote.assignor = null
	heartbeat.interval.ms = 3000
	interceptor.classes = []
	internal.leave.group.on.close = true
	internal.throw.on.fetch.stable.offset.unsupported = false
	isolation.level = read_uncommitted
	key.deserializer = class org.apache.kafka.common.serialization.StringDeserializer
	max.partition.fetch.bytes = 1048576
	max.poll.interval.ms = 300000
	max.poll.records = 500
	metadata.max.age.ms = 300000
	metric.reporters = []
	metrics.num.samples = 2
	metrics.recording.level = INFO
	metrics.sample.window.ms = 30000
	partition.assignment.strategy = [class org.apache.kafka.clients.consumer.RangeAssignor, class org.apache.kafka.clients.consumer.CooperativeStickyAssignor]
	receive.buffer.bytes = 65536
	reconnect.backoff.max.ms = 1000
	reconnect.backoff.ms = 50
	request.timeout.ms = 30000
	retry.backoff.max.ms = 1000
	retry.backoff.ms = 100
	sasl.client.callback.handler.class = null
	sasl.jaas.config = null
	sasl.kerberos.kinit.cmd = /usr/bin/kinit
	sasl.kerberos.min.time.before.relogin = 60000
	sasl.kerberos.service.name = null
	sasl.kerberos.ticket.renew.jitter = 0.05
	sasl.kerberos.ticket.renew.window.factor = 0.8
	sasl.login.callback.handler.class = null
	sasl.login.class = null
	sasl.login.connect.timeout.ms = null
	sasl.login.read.timeout.ms = null
	sasl.login.refresh.buffer.seconds = 300
	sasl.login.refresh.min.period.seconds = 60
	sasl.login.refresh.window.factor = 0.8
	sasl.login.refresh.window.jitter = 0.05
	sasl.login.retry.backoff.max.ms = 10000
	sasl.login.retry.backoff.ms = 100
	sasl.mechanism = GSSAPI
	sasl.oauthbearer.clock.skew.seconds = 30
	sasl.oauthbearer.expected.audience = null
	sasl.oauthbearer.expected.issuer = null
	sasl.oauthbearer.jwks.endpoint.refresh.ms = 3600000
	sasl.oauthbearer.jwks.endpoint.retry.backoff.max.ms = 10000
	sasl.oauthbearer.jwks.endpoint.retry.backoff.ms = 100
	sasl.oauthbearer.jwks.endpoint.url = null
	sasl.oauthbearer.scope.claim.name = scope
	sasl.oauthbearer.sub.claim.name = sub
	sasl.oauthbearer.token.endpoint.url = null
	security.protocol = PLAINTEXT
	security.providers = null
	send.buffer.bytes = 131072
	session.timeout.ms = 45000
	socket.connection.setup.timeout.max.ms = 30000
	socket.connection.setup.timeout.ms = 10000
	ssl.cipher.suites = null
	ssl.enabled.protocols = [TLSv1.2, TLSv1.3]
	ssl.endpoint.identification.algorithm = https
	ssl.engine.factory.class = null
	ssl.key.password = null
	ssl.keymanager.algorithm = SunX509
	ssl.keystore.certificate.chain = null
	ssl.keystore.key = null
	ssl.keystore.location = null
	ssl.keystore.password = null
	ssl.keystore.type = JKS
	ssl.protocol = TLSv1.3
	ssl.provider = null
	ssl.secure.random.implementation = null
	ssl.trustmanager.algorithm = PKIX
	ssl.truststore.certificates = null
	ssl.truststore.location = null
	ssl.truststore.password = null
	ssl.truststore.type = JKS
	value.deserializer = class org.apache.kafka.common.serialization.StringDeserializer

2026-09-01T10:47:50.314+07:00  INFO 26328 --- [nss-api] [           main] o.a.k.c.t.i.KafkaMetricsCollector        : initializing Kafka metrics collector
2026-09-01T10:47:50.315+07:00  INFO 26328 --- [nss-api] [        kafka-1] o.a.k.c.c.internals.ConsumerCoordinator  : [Consumer clientId=consumer-nss-order-status-changed-10, groupId=nss-order-status-changed] Discovered group coordinator localhost:9094 (id: 2147483646 rack: null)
2026-09-01T10:47:50.316+07:00  INFO 26328 --- [nss-api] [        kafka-1] o.a.k.c.c.internals.ConsumerCoordinator  : [Consumer clientId=consumer-nss-order-status-changed-10, groupId=nss-order-status-changed] (Re-)joining group
2026-09-01T10:47:50.322+07:00  INFO 26328 --- [nss-api] [        kafka-2] org.apache.kafka.clients.Metadata        : [Consumer clientId=consumer-nss-order-status-changed-11, groupId=nss-order-status-changed] Cluster ID: Some(5L6g3nShT-eMCtK--X86sw)
2026-09-01T10:47:50.322+07:00  INFO 26328 --- [nss-api] [        kafka-2] o.a.k.c.c.internals.ConsumerCoordinator  : [Consumer clientId=consumer-nss-order-status-changed-11, groupId=nss-order-status-changed] Discovered group coordinator localhost:9094 (id: 2147483646 rack: null)
2026-09-01T10:47:50.322+07:00  INFO 26328 --- [nss-api] [           main] o.a.kafka.common.utils.AppInfoParser     : Kafka version: 3.7.1
2026-09-01T10:47:50.322+07:00  INFO 26328 --- [nss-api] [           main] o.a.kafka.common.utils.AppInfoParser     : Kafka commitId: e2494e6ffb89f828
2026-09-01T10:47:50.322+07:00  INFO 26328 --- [nss-api] [           main] o.a.kafka.common.utils.AppInfoParser     : Kafka startTimeMs: 1788234470322
2026-09-01T10:47:50.323+07:00  INFO 26328 --- [nss-api] [           main] o.a.k.c.c.internals.LegacyKafkaConsumer  : [Consumer clientId=consumer-nss-order-status-changed-12, groupId=nss-order-status-changed] Subscribed to topic(s): order.status-changed
2026-09-01T10:47:50.323+07:00  INFO 26328 --- [nss-api] [        kafka-2] o.a.k.c.c.internals.ConsumerCoordinator  : [Consumer clientId=consumer-nss-order-status-changed-11, groupId=nss-order-status-changed] (Re-)joining group
2026-09-01T10:47:50.328+07:00  INFO 26328 --- [nss-api] [        kafka-1] o.a.k.c.c.internals.ConsumerCoordinator  : [Consumer clientId=consumer-nss-order-status-changed-10, groupId=nss-order-status-changed] Request joining group due to: need to re-join with the given member-id: consumer-nss-order-status-changed-10-8634e412-f24b-4673-8aa2-aa0f6b33b16e
2026-09-01T10:47:50.329+07:00  INFO 26328 --- [nss-api] [        kafka-1] o.a.k.c.c.internals.ConsumerCoordinator  : [Consumer clientId=consumer-nss-order-status-changed-10, groupId=nss-order-status-changed] (Re-)joining group
2026-09-01T10:47:50.331+07:00  INFO 26328 --- [nss-api] [           main] com.nss.SecurityRulesTest                : Started SecurityRulesTest in 1.141 seconds (process running for 24.168)
2026-09-01T10:47:50.332+07:00  INFO 26328 --- [nss-api] [        kafka-2] o.a.k.c.c.internals.ConsumerCoordinator  : [Consumer clientId=consumer-nss-order-status-changed-11, groupId=nss-order-status-changed] Request joining group due to: need to re-join with the given member-id: consumer-nss-order-status-changed-11-4818d9b8-7db4-4987-8adb-6cda1decf661
2026-09-01T10:47:50.332+07:00  INFO 26328 --- [nss-api] [        kafka-3] org.apache.kafka.clients.Metadata        : [Consumer clientId=consumer-nss-order-status-changed-12, groupId=nss-order-status-changed] Cluster ID: Some(5L6g3nShT-eMCtK--X86sw)
2026-09-01T10:47:50.332+07:00  INFO 26328 --- [nss-api] [        kafka-2] o.a.k.c.c.internals.ConsumerCoordinator  : [Consumer clientId=consumer-nss-order-status-changed-11, groupId=nss-order-status-changed] (Re-)joining group
2026-09-01T10:47:50.332+07:00  INFO 26328 --- [nss-api] [        kafka-3] o.a.k.c.c.internals.ConsumerCoordinator  : [Consumer clientId=consumer-nss-order-status-changed-12, groupId=nss-order-status-changed] Discovered group coordinator localhost:9094 (id: 2147483646 rack: null)
2026-09-01T10:47:50.334+07:00  INFO 26328 --- [nss-api] [        kafka-3] o.a.k.c.c.internals.ConsumerCoordinator  : [Consumer clientId=consumer-nss-order-status-changed-12, groupId=nss-order-status-changed] (Re-)joining group
2026-09-01T10:47:50.342+07:00  INFO 26328 --- [nss-api] [        kafka-3] o.a.k.c.c.internals.ConsumerCoordinator  : [Consumer clientId=consumer-nss-order-status-changed-12, groupId=nss-order-status-changed] Request joining group due to: need to re-join with the given member-id: consumer-nss-order-status-changed-12-2f0117c8-2bc2-4b96-8396-be40bd23d978
2026-09-01T10:47:50.342+07:00  INFO 26328 --- [nss-api] [        kafka-3] o.a.k.c.c.internals.ConsumerCoordinator  : [Consumer clientId=consumer-nss-order-status-changed-12, groupId=nss-order-status-changed] (Re-)joining group
2026-09-01T10:47:50.420+07:00  INFO 26328 --- [nss-api] [           main] c.n.ddd.controller.http.CartController   : CartController:->validateCart | itemCount=0
2026-09-01T10:47:50.422+07:00  INFO 26328 --- [nss-api] [           main] c.n.d.a.s.cart.impl.CartAppServiceImpl   : validateCart: success | itemCount=0 issueCount=0
]]></system-out>
  </testcase>
  <testcase name="apiDocsDeclareSecurityOnNewAdminOperations" classname="com.nss.SecurityRulesTest" time="1.545">
    <system-out><![CDATA[2026-09-01T10:47:51.752+07:00  INFO 26328 --- [nss-api] [           main] o.springdoc.api.AbstractOpenApiResource  : Init duration for springdoc-openapi is: 1305 ms
]]></system-out>
  </testcase>
  <testcase name="createOrderRejectsBrokenToken" classname="com.nss.SecurityRulesTest" time="0.015">
    <system-out><![CDATA[2026-09-01T10:47:51.996+07:00  WARN 26328 --- [nss-api] [           main] c.n.d.c.e.SecurityProblemDetailHandler   : commence: unauthenticated request | method=POST path=/api/orders
]]></system-out>
  </testcase>
  <testcase name="profileEndpointsRequireToken(String)[1]" classname="com.nss.SecurityRulesTest" time="0.009">
    <system-out><![CDATA[2026-09-01T10:47:52.012+07:00  WARN 26328 --- [nss-api] [           main] c.n.d.c.e.SecurityProblemDetailHandler   : commence: unauthenticated request | method=PUT path=/api/auth/me
]]></system-out>
  </testcase>
  <testcase name="profileEndpointsRequireToken(String)[2]" classname="com.nss.SecurityRulesTest" time="0.006">
    <system-out><![CDATA[2026-09-01T10:47:52.022+07:00  WARN 26328 --- [nss-api] [           main] c.n.d.c.e.SecurityProblemDetailHandler   : commence: unauthenticated request | method=PUT path=/api/auth/password
]]></system-out>
  </testcase>
  <testcase name="couponValidateStaysPublic" classname="com.nss.SecurityRulesTest" time="0.018">
    <system-out><![CDATA[2026-09-01T10:47:52.038+07:00  WARN 26328 --- [nss-api] [           main] c.n.d.c.e.GlobalExceptionHandler         : handleValidation: invalid request | fields=[code, subtotal]
]]></system-out>
  </testcase>
  <testcase name="apiDocsDeclareCartOperationAsPublic" classname="com.nss.SecurityRulesTest" time="0.057"/>
  <testcase name="apiDocsDeclarePasswordResetOperationsAsPublic" classname="com.nss.SecurityRulesTest" time="0.048"/>
  <testcase name="cartPathOpensOnlyItsOwnMethod(HttpMethod, String)[1]" classname="com.nss.SecurityRulesTest" time="0.014">
    <system-out><![CDATA[2026-09-01T10:47:52.173+07:00  WARN 26328 --- [nss-api] [           main] c.n.d.c.e.SecurityProblemDetailHandler   : commence: unauthenticated request | method=GET path=/api/cart/validate
]]></system-out>
  </testcase>
  <testcase name="cartPathOpensOnlyItsOwnMethod(HttpMethod, String)[2]" classname="com.nss.SecurityRulesTest" time="0.007">
    <system-out><![CDATA[2026-09-01T10:47:52.180+07:00  WARN 26328 --- [nss-api] [           main] c.n.d.c.e.SecurityProblemDetailHandler   : commence: unauthenticated request | method=PUT path=/api/cart/validate
]]></system-out>
  </testcase>
  <testcase name="cartPathOpensOnlyItsOwnMethod(HttpMethod, String)[3]" classname="com.nss.SecurityRulesTest" time="0.006">
    <system-out><![CDATA[2026-09-01T10:47:52.189+07:00  WARN 26328 --- [nss-api] [           main] c.n.d.c.e.SecurityProblemDetailHandler   : commence: unauthenticated request | method=DELETE path=/api/cart/validate
]]></system-out>
  </testcase>
  <testcase name="cartPathOpensOnlyItsOwnMethod(HttpMethod, String)[4]" classname="com.nss.SecurityRulesTest" time="0.009">
    <system-out><![CDATA[2026-09-01T10:47:52.199+07:00  WARN 26328 --- [nss-api] [           main] c.n.d.c.e.SecurityProblemDetailHandler   : commence: unauthenticated request | method=POST path=/api/cart
]]></system-out>
  </testcase>
  <testcase name="cartPathOpensOnlyItsOwnMethod(HttpMethod, String)[5]" classname="com.nss.SecurityRulesTest" time="0.006">
    <system-out><![CDATA[2026-09-01T10:47:52.208+07:00  WARN 26328 --- [nss-api] [           main] c.n.d.c.e.SecurityProblemDetailHandler   : commence: unauthenticated request | method=GET path=/api/cart
]]></system-out>
  </testcase>
  <testcase name="apiDocsStayPublic" classname="com.nss.SecurityRulesTest" time="0.034"/>
  <testcase name="cartValidateStaysPublic" classname="com.nss.SecurityRulesTest" time="0.007">
    <system-out><![CDATA[2026-09-01T10:47:52.251+07:00  WARN 26328 --- [nss-api] [           main] c.n.d.c.e.GlobalExceptionHandler         : handleValidation: invalid request | fields=[items]
]]></system-out>
  </testcase>
  <testcase name="removedProductWriteEndpointsAreGone(HttpMethod, String, String)[1]" classname="com.nss.SecurityRulesTest" time="0.17">
    <system-out><![CDATA[2026-09-01T10:47:52.262+07:00  WARN 26328 --- [nss-api] [           main] c.n.d.c.e.SecurityProblemDetailHandler   : commence: unauthenticated request | method=POST path=/api/products
2026-09-01T10:47:52.363+07:00  INFO 26328 --- [nss-api] [        kafka-1] o.a.k.c.c.internals.ConsumerCoordinator  : [Consumer clientId=consumer-nss-order-status-changed-7, groupId=nss-order-status-changed] Request joining group due to: group is already rebalancing
2026-09-01T10:47:52.363+07:00  INFO 26328 --- [nss-api] [        kafka-2] o.a.k.c.c.internals.ConsumerCoordinator  : [Consumer clientId=consumer-nss-order-status-changed-8, groupId=nss-order-status-changed] Request joining group due to: group is already rebalancing
2026-09-01T10:47:52.363+07:00  INFO 26328 --- [nss-api] [        kafka-2] o.a.k.c.c.internals.ConsumerCoordinator  : [Consumer clientId=consumer-nss-order-status-changed-2, groupId=nss-order-status-changed] Request joining group due to: group is already rebalancing
2026-09-01T10:47:52.363+07:00  INFO 26328 --- [nss-api] [        kafka-1] k.c.c.i.ConsumerRebalanceListenerInvoker : [Consumer clientId=consumer-nss-order-status-changed-7, groupId=nss-order-status-changed] Revoke previously assigned partitions 
2026-09-01T10:47:52.363+07:00  INFO 26328 --- [nss-api] [        kafka-2] k.c.c.i.ConsumerRebalanceListenerInvoker : [Consumer clientId=consumer-nss-order-status-changed-2, groupId=nss-order-status-changed] Revoke previously assigned partitions order.status-changed-1
2026-09-01T10:47:52.363+07:00  INFO 26328 --- [nss-api] [        kafka-2] k.c.c.i.ConsumerRebalanceListenerInvoker : [Consumer clientId=consumer-nss-order-status-changed-8, groupId=nss-order-status-changed] Revoke previously assigned partitions 
2026-09-01T10:47:52.363+07:00  INFO 26328 --- [nss-api] [        kafka-1] o.s.k.l.KafkaMessageListenerContainer    : nss-order-status-changed: partitions revoked: []
2026-09-01T10:47:52.363+07:00  INFO 26328 --- [nss-api] [        kafka-2] o.s.k.l.KafkaMessageListenerContainer    : nss-order-status-changed: partitions revoked: []
2026-09-01T10:47:52.363+07:00  INFO 26328 --- [nss-api] [        kafka-1] o.a.k.c.c.internals.ConsumerCoordinator  : [Consumer clientId=consumer-nss-order-status-changed-7, groupId=nss-order-status-changed] (Re-)joining group
2026-09-01T10:47:52.363+07:00  INFO 26328 --- [nss-api] [        kafka-2] o.s.k.l.KafkaMessageListenerContainer    : nss-order-status-changed: partitions revoked: [order.status-changed-1]
2026-09-01T10:47:52.363+07:00  INFO 26328 --- [nss-api] [        kafka-2] o.a.k.c.c.internals.ConsumerCoordinator  : [Consumer clientId=consumer-nss-order-status-changed-8, groupId=nss-order-status-changed] (Re-)joining group
2026-09-01T10:47:52.363+07:00  INFO 26328 --- [nss-api] [        kafka-2] o.a.k.c.c.internals.ConsumerCoordinator  : [Consumer clientId=consumer-nss-order-status-changed-2, groupId=nss-order-status-changed] (Re-)joining group
2026-09-01T10:47:52.365+07:00  INFO 26328 --- [nss-api] [        kafka-2] o.a.k.c.c.internals.ConsumerCoordinator  : [Consumer clientId=consumer-nss-order-status-changed-5, groupId=nss-order-status-changed] Request joining group due to: group is already rebalancing
2026-09-01T10:47:52.365+07:00  INFO 26328 --- [nss-api] [        kafka-3] o.a.k.c.c.internals.ConsumerCoordinator  : [Consumer clientId=consumer-nss-order-status-changed-3, groupId=nss-order-status-changed] Request joining group due to: group is already rebalancing
2026-09-01T10:47:52.365+07:00  INFO 26328 --- [nss-api] [        kafka-2] k.c.c.i.ConsumerRebalanceListenerInvoker : [Consumer clientId=consumer-nss-order-status-changed-5, groupId=nss-order-status-changed] Revoke previously assigned partitions 
2026-09-01T10:47:52.365+07:00  INFO 26328 --- [nss-api] [        kafka-3] k.c.c.i.ConsumerRebalanceListenerInvoker : [Consumer clientId=consumer-nss-order-status-changed-3, groupId=nss-order-status-changed] Revoke previously assigned partitions order.status-changed-2
2026-09-01T10:47:52.365+07:00  INFO 26328 --- [nss-api] [        kafka-2] o.s.k.l.KafkaMessageListenerContainer    : nss-order-status-changed: partitions revoked: []
2026-09-01T10:47:52.365+07:00  INFO 26328 --- [nss-api] [        kafka-3] o.s.k.l.KafkaMessageListenerContainer    : nss-order-status-changed: partitions revoked: [order.status-changed-2]
2026-09-01T10:47:52.365+07:00  INFO 26328 --- [nss-api] [        kafka-2] o.a.k.c.c.internals.ConsumerCoordinator  : [Consumer clientId=consumer-nss-order-status-changed-5, groupId=nss-order-status-changed] (Re-)joining group
2026-09-01T10:47:52.365+07:00  INFO 26328 --- [nss-api] [        kafka-3] o.a.k.c.c.internals.ConsumerCoordinator  : [Consumer clientId=consumer-nss-order-status-changed-3, groupId=nss-order-status-changed] (Re-)joining group
2026-09-01T10:47:52.366+07:00  INFO 26328 --- [nss-api] [        kafka-1] o.a.k.c.c.internals.ConsumerCoordinator  : [Consumer clientId=consumer-nss-order-status-changed-4, groupId=nss-order-status-changed] Request joining group due to: group is already rebalancing
2026-09-01T10:47:52.366+07:00  INFO 26328 --- [nss-api] [        kafka-1] k.c.c.i.ConsumerRebalanceListenerInvoker : [Consumer clientId=consumer-nss-order-status-changed-4, groupId=nss-order-status-changed] Revoke previously assigned partitions 
2026-09-01T10:47:52.366+07:00  INFO 26328 --- [nss-api] [        kafka-1] o.s.k.l.KafkaMessageListenerContainer    : nss-order-status-changed: partitions revoked: []
2026-09-01T10:47:52.366+07:00  INFO 26328 --- [nss-api] [        kafka-1] o.a.k.c.c.internals.ConsumerCoordinator  : [Consumer clientId=consumer-nss-order-status-changed-1, groupId=nss-order-status-changed] Request joining group due to: group is already rebalancing
2026-09-01T10:47:52.367+07:00  INFO 26328 --- [nss-api] [        kafka-1] o.a.k.c.c.internals.ConsumerCoordinator  : [Consumer clientId=consumer-nss-order-status-changed-4, groupId=nss-order-status-changed] (Re-)joining group
2026-09-01T10:47:52.367+07:00  INFO 26328 --- [nss-api] [        kafka-3] o.a.k.c.c.internals.ConsumerCoordinator  : [Consumer clientId=consumer-nss-order-status-changed-6, groupId=nss-order-status-changed] Request joining group due to: group is already rebalancing
2026-09-01T10:47:52.367+07:00  INFO 26328 --- [nss-api] [        kafka-1] k.c.c.i.ConsumerRebalanceListenerInvoker : [Consumer clientId=consumer-nss-order-status-changed-1, groupId=nss-order-status-changed] Revoke previously assigned partitions order.status-changed-0
2026-09-01T10:47:52.367+07:00  INFO 26328 --- [nss-api] [        kafka-3] k.c.c.i.ConsumerRebalanceListenerInvoker : [Consumer clientId=consumer-nss-order-status-changed-6, groupId=nss-order-status-changed] Revoke previously assigned partitions 
2026-09-01T10:47:52.367+07:00  INFO 26328 --- [nss-api] [        kafka-1] o.s.k.l.KafkaMessageListenerContainer    : nss-order-status-changed: partitions revoked: [order.status-changed-0]
2026-09-01T10:47:52.367+07:00  INFO 26328 --- [nss-api] [        kafka-3] o.s.k.l.KafkaMessageListenerContainer    : nss-order-status-changed: partitions revoked: []
2026-09-01T10:47:52.367+07:00  INFO 26328 --- [nss-api] [        kafka-3] o.a.k.c.c.internals.ConsumerCoordinator  : [Consumer clientId=consumer-nss-order-status-changed-6, groupId=nss-order-status-changed] (Re-)joining group
2026-09-01T10:47:52.367+07:00  INFO 26328 --- [nss-api] [        kafka-1] o.a.k.c.c.internals.ConsumerCoordinator  : [Consumer clientId=consumer-nss-order-status-changed-1, groupId=nss-order-status-changed] (Re-)joining group
2026-09-01T10:47:52.367+07:00  INFO 26328 --- [nss-api] [        kafka-3] o.a.k.c.c.internals.ConsumerCoordinator  : [Consumer clientId=consumer-nss-order-status-changed-9, groupId=nss-order-status-changed] Request joining group due to: group is already rebalancing
2026-09-01T10:47:52.367+07:00  INFO 26328 --- [nss-api] [        kafka-3] k.c.c.i.ConsumerRebalanceListenerInvoker : [Consumer clientId=consumer-nss-order-status-changed-9, groupId=nss-order-status-changed] Revoke previously assigned partitions 
2026-09-01T10:47:52.367+07:00  INFO 26328 --- [nss-api] [        kafka-3] o.s.k.l.KafkaMessageListenerContainer    : nss-order-status-changed: partitions revoked: []
2026-09-01T10:47:52.368+07:00  INFO 26328 --- [nss-api] [        kafka-3] o.a.k.c.c.internals.ConsumerCoordinator  : [Consumer clientId=consumer-nss-order-status-changed-9, groupId=nss-order-status-changed] (Re-)joining group
2026-09-01T10:47:52.371+07:00  INFO 26328 --- [nss-api] [        kafka-3] o.a.k.c.c.internals.ConsumerCoordinator  : [Consumer clientId=consumer-nss-order-status-changed-12, groupId=nss-order-status-changed] Successfully joined group with generation Generation{generationId=74, memberId='consumer-nss-order-status-changed-12-2f0117c8-2bc2-4b96-8396-be40bd23d978', protocol='range'}
2026-09-01T10:47:52.371+07:00  INFO 26328 --- [nss-api] [        kafka-3] o.a.k.c.c.internals.ConsumerCoordinator  : [Consumer clientId=consumer-nss-order-status-changed-6, groupId=nss-order-status-changed] Successfully joined group with generation Generation{generationId=74, memberId='consumer-nss-order-status-changed-6-6cc1f454-f9da-4980-9e11-b35efb703d52', protocol='range'}
2026-09-01T10:47:52.371+07:00  INFO 26328 --- [nss-api] [        kafka-1] o.a.k.c.c.internals.ConsumerCoordinator  : [Consumer clientId=consumer-nss-order-status-changed-7, groupId=nss-order-status-changed] Successfully joined group with generation Generation{generationId=74, memberId='consumer-nss-order-status-changed-7-3a70a2aa-ce7c-43e3-88cb-1fa99b12a632', protocol='range'}
2026-09-01T10:47:52.371+07:00  INFO 26328 --- [nss-api] [        kafka-1] o.a.k.c.c.internals.ConsumerCoordinator  : [Consumer clientId=consumer-nss-order-status-changed-4, groupId=nss-order-status-changed] Successfully joined group with generation Generation{generationId=74, memberId='consumer-nss-order-status-changed-4-18f017a9-33e4-4c95-a598-b1f7291ca400', protocol='range'}
2026-09-01T10:47:52.371+07:00  INFO 26328 --- [nss-api] [        kafka-2] o.a.k.c.c.internals.ConsumerCoordinator  : [Consumer clientId=consumer-nss-order-status-changed-8, groupId=nss-order-status-changed] Successfully joined group with generation Generation{generationId=74, memberId='consumer-nss-order-status-changed-8-898fb925-14e2-49a7-a168-da9c370c030e', protocol='range'}
2026-09-01T10:47:52.371+07:00  INFO 26328 --- [nss-api] [        kafka-2] o.a.k.c.c.internals.ConsumerCoordinator  : [Consumer clientId=consumer-nss-order-status-changed-2, groupId=nss-order-status-changed] Successfully joined group with generation Generation{generationId=74, memberId='consumer-nss-order-status-changed-2-5dfeab12-7f0c-446f-a6fa-f1ef10ccbe34', protocol='range'}
2026-09-01T10:47:52.371+07:00  INFO 26328 --- [nss-api] [        kafka-3] o.a.k.c.c.internals.ConsumerCoordinator  : [Consumer clientId=consumer-nss-order-status-changed-3, groupId=nss-order-status-changed] Successfully joined group with generation Generation{generationId=74, memberId='consumer-nss-order-status-changed-3-02b80597-9eb4-4bc8-b529-c06fc24809d3', protocol='range'}
2026-09-01T10:47:52.372+07:00  INFO 26328 --- [nss-api] [        kafka-2] o.a.k.c.c.internals.ConsumerCoordinator  : [Consumer clientId=consumer-nss-order-status-changed-11, groupId=nss-order-status-changed] Successfully joined group with generation Generation{generationId=74, memberId='consumer-nss-order-status-changed-11-4818d9b8-7db4-4987-8adb-6cda1decf661', protocol='range'}
2026-09-01T10:47:52.372+07:00  INFO 26328 --- [nss-api] [        kafka-1] o.a.k.c.c.internals.ConsumerCoordinator  : [Consumer clientId=consumer-nss-order-status-changed-1, groupId=nss-order-status-changed] Successfully joined group with generation Generation{generationId=74, memberId='consumer-nss-order-status-changed-1-8a5538be-7ee7-4f63-961a-ce790ce36f3e', protocol='range'}
2026-09-01T10:47:52.373+07:00  INFO 26328 --- [nss-api] [        kafka-1] o.a.k.c.c.internals.ConsumerCoordinator  : [Consumer clientId=consumer-nss-order-status-changed-1, groupId=nss-order-status-changed] Finished assignment for group at generation 74: {consumer-nss-order-status-changed-7-3a70a2aa-ce7c-43e3-88cb-1fa99b12a632=Assignment(partitions=[]), consumer-nss-order-status-changed-12-2f0117c8-2bc2-4b96-8396-be40bd23d978=Assignment(partitions=[]), consumer-nss-order-status-changed-11-4818d9b8-7db4-4987-8adb-6cda1decf661=Assignment(partitions=[order.status-changed-2]), consumer-nss-order-status-changed-8-898fb925-14e2-49a7-a168-da9c370c030e=Assignment(partitions=[]), consumer-nss-order-status-changed-1-8a5538be-7ee7-4f63-961a-ce790ce36f3e=Assignment(partitions=[order.status-changed-0]), consumer-nss-order-status-changed-5-918ca483-737e-4ce6-97e8-4b0a4c0583c8=Assignment(partitions=[]), consumer-nss-order-status-changed-4-18f017a9-33e4-4c95-a598-b1f7291ca400=Assignment(partitions=[]), consumer-nss-order-status-changed-2-5dfeab12-7f0c-446f-a6fa-f1ef10ccbe34=Assignment(partitions=[]), consumer-nss-order-status-changed-6-6cc1f454-f9da-4980-9e11-b35efb703d52=Assignment(partitions=[]), consumer-nss-order-status-changed-10-8634e412-f24b-4673-8aa2-aa0f6b33b16e=Assignment(partitions=[order.status-changed-1]), consumer-nss-order-status-changed-3-02b80597-9eb4-4bc8-b529-c06fc24809d3=Assignment(partitions=[]), consumer-nss-order-status-changed-9-e5d9d6e6-12b5-40f0-9029-ebae49002b56=Assignment(partitions=[])}
2026-09-01T10:47:52.373+07:00  INFO 26328 --- [nss-api] [        kafka-2] o.a.k.c.c.internals.ConsumerCoordinator  : [Consumer clientId=consumer-nss-order-status-changed-5, groupId=nss-order-status-changed] Successfully joined group with generation Generation{generationId=74, memberId='consumer-nss-order-status-changed-5-918ca483-737e-4ce6-97e8-4b0a4c0583c8', protocol='range'}
2026-09-01T10:47:52.373+07:00  INFO 26328 --- [nss-api] [        kafka-1] o.a.k.c.c.internals.ConsumerCoordinator  : [Consumer clientId=consumer-nss-order-status-changed-10, groupId=nss-order-status-changed] Successfully joined group with generation Generation{generationId=74, memberId='consumer-nss-order-status-changed-10-8634e412-f24b-4673-8aa2-aa0f6b33b16e', protocol='range'}
2026-09-01T10:47:52.375+07:00  INFO 26328 --- [nss-api] [        kafka-3] o.a.k.c.c.internals.ConsumerCoordinator  : [Consumer clientId=consumer-nss-order-status-changed-9, groupId=nss-order-status-changed] Successfully joined group with generation Generation{generationId=74, memberId='consumer-nss-order-status-changed-9-e5d9d6e6-12b5-40f0-9029-ebae49002b56', protocol='range'}
2026-09-01T10:47:52.378+07:00  INFO 26328 --- [nss-api] [        kafka-2] o.a.k.c.c.internals.ConsumerCoordinator  : [Consumer clientId=consumer-nss-order-status-changed-8, groupId=nss-order-status-changed] Successfully synced group in generation Generation{generationId=74, memberId='consumer-nss-order-status-changed-8-898fb925-14e2-49a7-a168-da9c370c030e', protocol='range'}
2026-09-01T10:47:52.378+07:00  INFO 26328 --- [nss-api] [        kafka-2] o.a.k.c.c.internals.ConsumerCoordinator  : [Consumer clientId=consumer-nss-order-status-changed-2, groupId=nss-order-status-changed] Successfully synced group in generation Generation{generationId=74, memberId='consumer-nss-order-status-changed-2-5dfeab12-7f0c-446f-a6fa-f1ef10ccbe34', protocol='range'}
2026-09-01T10:47:52.378+07:00  INFO 26328 --- [nss-api] [        kafka-3] o.a.k.c.c.internals.ConsumerCoordinator  : [Consumer clientId=consumer-nss-order-status-changed-12, groupId=nss-order-status-changed] Successfully synced group in generation Generation{generationId=74, memberId='consumer-nss-order-status-changed-12-2f0117c8-2bc2-4b96-8396-be40bd23d978', protocol='range'}
2026-09-01T10:47:52.378+07:00  INFO 26328 --- [nss-api] [        kafka-1] o.a.k.c.c.internals.ConsumerCoordinator  : [Consumer clientId=consumer-nss-order-status-changed-4, groupId=nss-order-status-changed] Successfully synced group in generation Generation{generationId=74, memberId='consumer-nss-order-status-changed-4-18f017a9-33e4-4c95-a598-b1f7291ca400', protocol='range'}
2026-09-01T10:47:52.378+07:00  INFO 26328 --- [nss-api] [        kafka-2] o.a.k.c.c.internals.ConsumerCoordinator  : [Consumer clientId=consumer-nss-order-status-changed-8, groupId=nss-order-status-changed] Notifying assignor about the new Assignment(partitions=[])
2026-09-01T10:47:52.378+07:00  INFO 26328 --- [nss-api] [        kafka-1] o.a.k.c.c.internals.ConsumerCoordinator  : [Consumer clientId=consumer-nss-order-status-changed-4, groupId=nss-order-status-changed] Notifying assignor about the new Assignment(partitions=[])
2026-09-01T10:47:52.378+07:00  INFO 26328 --- [nss-api] [        kafka-2] k.c.c.i.ConsumerRebalanceListenerInvoker : [Consumer clientId=consumer-nss-order-status-changed-8, groupId=nss-order-status-changed] Adding newly assigned partitions: 
2026-09-01T10:47:52.378+07:00  INFO 26328 --- [nss-api] [        kafka-1] k.c.c.i.ConsumerRebalanceListenerInvoker : [Consumer clientId=consumer-nss-order-status-changed-4, groupId=nss-order-status-changed] Adding newly assigned partitions: 
2026-09-01T10:47:52.378+07:00  INFO 26328 --- [nss-api] [        kafka-3] o.a.k.c.c.internals.ConsumerCoordinator  : [Consumer clientId=consumer-nss-order-status-changed-12, groupId=nss-order-status-changed] Notifying assignor about the new Assignment(partitions=[])
2026-09-01T10:47:52.378+07:00  INFO 26328 --- [nss-api] [        kafka-3] k.c.c.i.ConsumerRebalanceListenerInvoker : [Consumer clientId=consumer-nss-order-status-changed-12, groupId=nss-order-status-changed] Adding newly assigned partitions: 
2026-09-01T10:47:52.378+07:00  INFO 26328 --- [nss-api] [        kafka-1] o.s.k.l.KafkaMessageListenerContainer    : nss-order-status-changed: partitions assigned: []
2026-09-01T10:47:52.378+07:00  INFO 26328 --- [nss-api] [        kafka-2] o.s.k.l.KafkaMessageListenerContainer    : nss-order-status-changed: partitions assigned: []
2026-09-01T10:47:52.378+07:00  INFO 26328 --- [nss-api] [        kafka-3] o.s.k.l.KafkaMessageListenerContainer    : nss-order-status-changed: partitions assigned: []
2026-09-01T10:47:52.378+07:00  INFO 26328 --- [nss-api] [        kafka-2] o.a.k.c.c.internals.ConsumerCoordinator  : [Consumer clientId=consumer-nss-order-status-changed-2, groupId=nss-order-status-changed] Notifying assignor about the new Assignment(partitions=[])
2026-09-01T10:47:52.378+07:00  INFO 26328 --- [nss-api] [        kafka-2] k.c.c.i.ConsumerRebalanceListenerInvoker : [Consumer clientId=consumer-nss-order-status-changed-2, groupId=nss-order-status-changed] Adding newly assigned partitions: 
2026-09-01T10:47:52.379+07:00  INFO 26328 --- [nss-api] [        kafka-2] o.s.k.l.KafkaMessageListenerContainer    : nss-order-status-changed: partitions assigned: []
2026-09-01T10:47:52.379+07:00  INFO 26328 --- [nss-api] [        kafka-3] o.a.k.c.c.internals.ConsumerCoordinator  : [Consumer clientId=consumer-nss-order-status-changed-6, groupId=nss-order-status-changed] Successfully synced group in generation Generation{generationId=74, memberId='consumer-nss-order-status-changed-6-6cc1f454-f9da-4980-9e11-b35efb703d52', protocol='range'}
2026-09-01T10:47:52.379+07:00  INFO 26328 --- [nss-api] [        kafka-3] o.a.k.c.c.internals.ConsumerCoordinator  : [Consumer clientId=consumer-nss-order-status-changed-3, groupId=nss-order-status-changed] Successfully synced group in generation Generation{generationId=74, memberId='consumer-nss-order-status-changed-3-02b80597-9eb4-4bc8-b529-c06fc24809d3', protocol='range'}
[...]
    <system-out><![CDATA[2026-09-01T10:47:52.936+07:00  INFO 26328 --- [nss-api] [           main] c.n.ddd.controller.http.CartController   : CartController:->validateCart | itemCount=0
2026-09-01T10:47:52.937+07:00  INFO 26328 --- [nss-api] [           main] c.n.d.a.s.cart.impl.CartAppServiceImpl   : validateCart: success | itemCount=0 issueCount=0
]]></system-out>
  </testcase>
  <testcase name="authNamespaceStaysClosedApartFromItsPublicPaths(HttpMethod, String)[1]" classname="com.nss.SecurityRulesTest" time="0.005">
    <system-out><![CDATA[2026-09-01T10:47:52.944+07:00  WARN 26328 --- [nss-api] [           main] c.n.d.c.e.SecurityProblemDetailHandler   : commence: unauthenticated request | method=POST path=/api/auth/logout
]]></system-out>
  </testcase>
  <testcase name="authNamespaceStaysClosedApartFromItsPublicPaths(HttpMethod, String)[2]" classname="com.nss.SecurityRulesTest" time="0.006">
    <system-out><![CDATA[2026-09-01T10:47:52.954+07:00  WARN 26328 --- [nss-api] [           main] c.n.d.c.e.SecurityProblemDetailHandler   : commence: unauthenticated request | method=PUT path=/api/auth/me
]]></system-out>
  </testcase>
  <testcase name="authNamespaceStaysClosedApartFromItsPublicPaths(HttpMethod, String)[3]" classname="com.nss.SecurityRulesTest" time="0.007">
    <system-out><![CDATA[2026-09-01T10:47:52.963+07:00  WARN 26328 --- [nss-api] [           main] c.n.d.c.e.SecurityProblemDetailHandler   : commence: unauthenticated request | method=PUT path=/api/auth/password
]]></system-out>
  </testcase>
  <testcase name="newAdminEndpointsEnforceAdminOnly(HttpMethod, String, String, int)[1]" classname="com.nss.SecurityRulesTest" time="0.019">
    <system-out><![CDATA[2026-09-01T10:47:52.973+07:00  WARN 26328 --- [nss-api] [           main] c.n.d.c.e.SecurityProblemDetailHandler   : commence: unauthenticated request | method=GET path=/api/admin/orders
2026-09-01T10:47:52.975+07:00  WARN 26328 --- [nss-api] [           main] c.n.d.c.e.SecurityProblemDetailHandler   : handle: access denied | method=GET path=/api/admin/orders
2026-09-01T10:47:52.982+07:00  INFO 26328 --- [nss-api] [           main] c.n.d.c.http.AdminOrderController        : AdminOrderController:->getAdminOrders | q=null status=null userId=null page=1 limit=12
2026-09-01T10:47:52.983+07:00  INFO 26328 --- [nss-api] [           main] c.n.d.a.s.o.impl.OrderAppServiceImpl     : findAdminOrders: success | q=null status=null userId=null page=1 limit=12 total=0
]]></system-out>
  </testcase>
  <testcase name="newAdminEndpointsEnforceAdminOnly(HttpMethod, String, String, int)[2]" classname="com.nss.SecurityRulesTest" time="0.014">
    <system-out><![CDATA[2026-09-01T10:47:52.993+07:00  WARN 26328 --- [nss-api] [           main] c.n.d.c.e.SecurityProblemDetailHandler   : commence: unauthenticated request | method=GET path=/api/admin/orders/NSS-20260101-0001
2026-09-01T10:47:52.996+07:00  WARN 26328 --- [nss-api] [           main] c.n.d.c.e.SecurityProblemDetailHandler   : handle: access denied | method=GET path=/api/admin/orders/NSS-20260101-0001
2026-09-01T10:47:53.000+07:00  INFO 26328 --- [nss-api] [           main] c.n.d.c.http.AdminOrderController        : AdminOrderController:->getAdminOrder | code=NSS-20260101-0001
2026-09-01T10:47:53.000+07:00  WARN 26328 --- [nss-api] [           main] c.n.d.a.s.o.impl.OrderAppServiceImpl     : findOrderByCode: not found | code=NSS-20260101-0001
2026-09-01T10:47:53.001+07:00  WARN 26328 --- [nss-api] [           main] c.n.d.c.e.GlobalExceptionHandler         : handleOrderNotFound: Không tìm thấy đơn hàng với mã này.
]]></system-out>
  </testcase>
  <testcase name="newAdminEndpointsEnforceAdminOnly(HttpMethod, String, String, int)[3]" classname="com.nss.SecurityRulesTest" time="0.019">
    <system-out><![CDATA[2026-09-01T10:47:53.011+07:00  WARN 26328 --- [nss-api] [           main] c.n.d.c.e.SecurityProblemDetailHandler   : commence: unauthenticated request | method=PATCH path=/api/admin/orders/NSS-20260101-0001/status
2026-09-01T10:47:53.014+07:00  WARN 26328 --- [nss-api] [           main] c.n.d.c.e.SecurityProblemDetailHandler   : handle: access denied | method=PATCH path=/api/admin/orders/NSS-20260101-0001/status
2026-09-01T10:47:53.022+07:00  WARN 26328 --- [nss-api] [           main] c.n.d.c.e.GlobalExceptionHandler         : handleValidation: invalid request | fields=[status]
]]></system-out>
  </testcase>
  <testcase name="newAdminEndpointsEnforceAdminOnly(HttpMethod, String, String, int)[4]" classname="com.nss.SecurityRulesTest" time="0.015">
    <system-out><![CDATA[2026-09-01T10:47:53.029+07:00  WARN 26328 --- [nss-api] [           main] c.n.d.c.e.SecurityProblemDetailHandler   : commence: unauthenticated request | method=GET path=/api/admin/customers
2026-09-01T10:47:53.032+07:00  WARN 26328 --- [nss-api] [           main] c.n.d.c.e.SecurityProblemDetailHandler   : handle: access denied | method=GET path=/api/admin/customers
2026-09-01T10:47:53.038+07:00  INFO 26328 --- [nss-api] [           main] c.n.d.c.http.AdminCustomerController     : AdminCustomerController:->getAdminCustomers | q=null role=null page=1 limit=10
2026-09-01T10:47:53.039+07:00  INFO 26328 --- [nss-api] [           main] c.n.d.a.s.c.impl.CustomerAppServiceImpl  : findAdminUsers: success | q=null role=CUSTOMER page=1 limit=10 total=0
]]></system-out>
  </testcase>
  <testcase name="newAdminEndpointsEnforceAdminOnly(HttpMethod, String, String, int)[5]" classname="com.nss.SecurityRulesTest" time="0.013">
    <system-out><![CDATA[2026-09-01T10:47:53.046+07:00  WARN 26328 --- [nss-api] [           main] c.n.d.c.e.SecurityProblemDetailHandler   : commence: unauthenticated request | method=GET path=/api/admin/customers/1
2026-09-01T10:47:53.049+07:00  WARN 26328 --- [nss-api] [           main] c.n.d.c.e.SecurityProblemDetailHandler   : handle: access denied | method=GET path=/api/admin/customers/1
2026-09-01T10:47:53.053+07:00  INFO 26328 --- [nss-api] [           main] c.n.d.c.http.AdminCustomerController     : AdminCustomerController:->getAdminCustomer | userId=1
2026-09-01T10:47:53.053+07:00  WARN 26328 --- [nss-api] [           main] c.n.d.a.s.c.impl.CustomerAppServiceImpl  : findAdminUserById: not found | userId=1
2026-09-01T10:47:53.053+07:00  WARN 26328 --- [nss-api] [           main] c.n.d.c.e.GlobalExceptionHandler         : handleUserNotFound: Không tìm thấy tài khoản này.
]]></system-out>
  </testcase>
  <testcase name="newAdminEndpointsEnforceAdminOnly(HttpMethod, String, String, int)[6]" classname="com.nss.SecurityRulesTest" time="0.015">
    <system-out><![CDATA[2026-09-01T10:47:53.062+07:00  WARN 26328 --- [nss-api] [           main] c.n.d.c.e.SecurityProblemDetailHandler   : commence: unauthenticated request | method=GET path=/api/admin/stats/overview
2026-09-01T10:47:53.065+07:00  WARN 26328 --- [nss-api] [           main] c.n.d.c.e.SecurityProblemDetailHandler   : handle: access denied | method=GET path=/api/admin/stats/overview
2026-09-01T10:47:53.067+07:00  INFO 26328 --- [nss-api] [           main] c.n.d.c.http.AdminStatsController        : AdminStatsController:->getOverview | days=30
2026-09-01T10:47:53.068+07:00  INFO 26328 --- [nss-api] [           main] c.n.d.a.s.s.impl.StatsAppServiceImpl     : findOverview: success | days=30 from=2026-08-03 to=2026-09-01 revenue=0 orderCount=0 customerCount=0 lowStockCount=0
]]></system-out>
  </testcase>
  <testcase name="reviewWriteRequiresToken" classname="com.nss.SecurityRulesTest" time="0.015">
    <system-out><![CDATA[2026-09-01T10:47:53.076+07:00  WARN 26328 --- [nss-api] [           main] c.n.d.c.e.SecurityProblemDetailHandler   : commence: unauthenticated request | method=POST path=/api/products/11/reviews
2026-09-01T10:47:53.086+07:00  WARN 26328 --- [nss-api] [           main] c.n.d.c.e.GlobalExceptionHandler         : handleValidation: invalid request | fields=[rating, authorName, content]
]]></system-out>
  </testcase>
  <testcase name="adminReachesValidationWithFiveFieldErrorsAndNoSlugError" classname="com.nss.SecurityRulesTest" time="0.028">
    <system-out><![CDATA[2026-09-01T10:47:53.114+07:00  WARN 26328 --- [nss-api] [           main] c.n.d.c.e.GlobalExceptionHandler         : handleValidation: invalid request | fields=[stock, name, price, unit, categoryId]
]]></system-out>
  </testcase>
  <testcase name="apiDocsDeclareSecurityOnAdminProductOperations" classname="com.nss.SecurityRulesTest" time="0.115"/>
  <testcase name="orderPathsOpenOnlyTheirOwnMethod(HttpMethod, String)[1]" classname="com.nss.SecurityRulesTest" time="0.008">
    <system-out><![CDATA[2026-09-01T10:47:53.241+07:00  WARN 26328 --- [nss-api] [           main] c.n.d.c.e.SecurityProblemDetailHandler   : commence: unauthenticated request | method=GET path=/api/orders
]]></system-out>
  </testcase>
  <testcase name="orderPathsOpenOnlyTheirOwnMethod(HttpMethod, String)[2]" classname="com.nss.SecurityRulesTest" time="0.009">
    <system-out><![CDATA[2026-09-01T10:47:53.253+07:00  WARN 26328 --- [nss-api] [           main] c.n.d.c.e.SecurityProblemDetailHandler   : commence: unauthenticated request | method=PUT path=/api/orders
]]></system-out>
  </testcase>
  <testcase name="orderPathsOpenOnlyTheirOwnMethod(HttpMethod, String)[3]" classname="com.nss.SecurityRulesTest" time="0.006">
    <system-out><![CDATA[2026-09-01T10:47:53.262+07:00  WARN 26328 --- [nss-api] [           main] c.n.d.c.e.SecurityProblemDetailHandler   : commence: unauthenticated request | method=DELETE path=/api/orders
]]></system-out>
  </testcase>
  <testcase name="orderPathsOpenOnlyTheirOwnMethod(HttpMethod, String)[4]" classname="com.nss.SecurityRulesTest" time="0.007">
    <system-out><![CDATA[2026-09-01T10:47:53.271+07:00  WARN 26328 --- [nss-api] [           main] c.n.d.c.e.SecurityProblemDetailHandler   : commence: unauthenticated request | method=PUT path=/api/orders/NSS-20260101-0001
]]></system-out>
  </testcase>
  <testcase name="orderPathsOpenOnlyTheirOwnMethod(HttpMethod, String)[5]" classname="com.nss.SecurityRulesTest" time="0.006">
    <system-out><![CDATA[2026-09-01T10:47:53.278+07:00  WARN 26328 --- [nss-api] [           main] c.n.d.c.e.SecurityProblemDetailHandler   : commence: unauthenticated request | method=PATCH path=/api/orders/NSS-20260101-0001
]]></system-out>
  </testcase>
  <testcase name="orderPathsOpenOnlyTheirOwnMethod(HttpMethod, String)[6]" classname="com.nss.SecurityRulesTest" time="0.006">
    <system-out><![CDATA[2026-09-01T10:47:53.286+07:00  WARN 26328 --- [nss-api] [           main] c.n.d.c.e.SecurityProblemDetailHandler   : commence: unauthenticated request | method=DELETE path=/api/orders/NSS-20260101-0001
]]></system-out>
  </testcase>
  <testcase name="orderPathsOpenOnlyTheirOwnMethod(HttpMethod, String)[7]" classname="com.nss.SecurityRulesTest" time="0.007">
    <system-out><![CDATA[2026-09-01T10:47:53.297+07:00  WARN 26328 --- [nss-api] [           main] c.n.d.c.e.SecurityProblemDetailHandler   : commence: unauthenticated request | method=POST path=/api/orders/NSS-20260101-0001
]]></system-out>
  </testcase>
  <testcase name="orderPathsOpenOnlyTheirOwnMethod(HttpMethod, String)[8]" classname="com.nss.SecurityRulesTest" time="0.005">
    <system-out><![CDATA[2026-09-01T10:47:53.305+07:00  WARN 26328 --- [nss-api] [           main] c.n.d.c.e.SecurityProblemDetailHandler   : commence: unauthenticated request | method=POST path=/api/orders/NSS-20260101-0001/cancel
]]></system-out>
  </testcase>
  <testcase name="orderPathsOpenOnlyTheirOwnMethod(HttpMethod, String)[9]" classname="com.nss.SecurityRulesTest" time="0.006">
    <system-out><![CDATA[2026-09-01T10:47:53.312+07:00  WARN 26328 --- [nss-api] [           main] c.n.d.c.e.SecurityProblemDetailHandler   : commence: unauthenticated request | method=GET path=/api/admin/orders
]]></system-out>
  </testcase>
  <testcase name="orderPathsOpenOnlyTheirOwnMethod(HttpMethod, String)[10]" classname="com.nss.SecurityRulesTest" time="0.007">
    <system-out><![CDATA[2026-09-01T10:47:53.321+07:00  WARN 26328 --- [nss-api] [           main] c.n.d.c.e.SecurityProblemDetailHandler   : commence: unauthenticated request | method=PATCH path=/api/admin/orders/NSS-20260101-0001/status
]]></system-out>
  </testcase>
  <testcase name="adminProductEndpointEnforcesAdminOnly(HttpMethod, String, String, int)[1]" classname="com.nss.SecurityRulesTest" time="0.016">
    <system-out><![CDATA[2026-09-01T10:47:53.330+07:00  WARN 26328 --- [nss-api] [           main] c.n.d.c.e.SecurityProblemDetailHandler   : commence: unauthenticated request | method=GET path=/api/admin/products
2026-09-01T10:47:53.334+07:00  WARN 26328 --- [nss-api] [           main] c.n.d.c.e.SecurityProblemDetailHandler   : handle: access denied | method=GET path=/api/admin/products
2026-09-01T10:47:53.339+07:00  INFO 26328 --- [nss-api] [           main] c.n.d.c.http.AdminProductController      : AdminProductController:->getAdminProducts | q=null category=null stockStatus=null sort=null page=1 limit=12
2026-09-01T10:47:53.339+07:00  INFO 26328 --- [nss-api] [           main] c.n.d.a.s.p.impl.ProductAppServiceImpl   : findAdminProducts: success | q=null category=null stockStatus=null sort=NEWEST page=1 limit=12 total=0
]]></system-out>
  </testcase>
  <testcase name="adminProductEndpointEnforcesAdminOnly(HttpMethod, String, String, int)[2]" classname="com.nss.SecurityRulesTest" time="0.014">
    <system-out><![CDATA[2026-09-01T10:47:53.348+07:00  WARN 26328 --- [nss-api] [           main] c.n.d.c.e.SecurityProblemDetailHandler   : commence: unauthenticated request | method=GET path=/api/admin/products/1
2026-09-01T10:47:53.351+07:00  WARN 26328 --- [nss-api] [           main] c.n.d.c.e.SecurityProblemDetailHandler   : handle: access denied | method=GET path=/api/admin/products/1
2026-09-01T10:47:53.355+07:00  INFO 26328 --- [nss-api] [           main] c.n.d.c.http.AdminProductController      : AdminProductController:->getAdminProduct | productId=1
2026-09-01T10:47:53.356+07:00  WARN 26328 --- [nss-api] [           main] c.n.d.a.s.p.impl.ProductAppServiceImpl   : findProductById: not found | productId=1
2026-09-01T10:47:53.356+07:00  WARN 26328 --- [nss-api] [           main] c.n.d.c.e.GlobalExceptionHandler         : handleProductNotFound: Không tìm thấy sản phẩm bạn đang tìm.
]]></system-out>
  </testcase>
  <testcase name="adminProductEndpointEnforcesAdminOnly(HttpMethod, String, String, int)[3]" classname="com.nss.SecurityRulesTest" time="0.014">
    <system-out><![CDATA[2026-09-01T10:47:53.363+07:00  WARN 26328 --- [nss-api] [           main] c.n.d.c.e.SecurityProblemDetailHandler   : commence: unauthenticated request | method=POST path=/api/admin/products
2026-09-01T10:47:53.367+07:00  WARN 26328 --- [nss-api] [           main] c.n.d.c.e.SecurityProblemDetailHandler   : handle: access denied | method=POST path=/api/admin/products
2026-09-01T10:47:53.371+07:00  WARN 26328 --- [nss-api] [           main] c.n.d.c.e.GlobalExceptionHandler         : handleValidation: invalid request | fields=[stock, categoryId, price, unit, name]
]]></system-out>
  </testcase>
  <testcase name="adminProductEndpointEnforcesAdminOnly(HttpMethod, String, String, int)[4]" classname="com.nss.SecurityRulesTest" time="0.023">
    <system-out><![CDATA[2026-09-01T10:47:53.379+07:00  WARN 26328 --- [nss-api] [           main] c.n.d.c.e.SecurityProblemDetailHandler   : commence: unauthenticated request | method=PUT path=/api/admin/products/1
2026-09-01T10:47:53.384+07:00  WARN 26328 --- [nss-api] [           main] c.n.d.c.e.SecurityProblemDetailHandler   : handle: access denied | method=PUT path=/api/admin/products/1
2026-09-01T10:47:53.396+07:00  WARN 26328 --- [nss-api] [           main] c.n.d.c.e.GlobalExceptionHandler         : handleValidation: invalid request | fields=[categoryId, stock, price, unit, name]
]]></system-out>
  </testcase>
  <testcase name="adminProductEndpointEnforcesAdminOnly(HttpMethod, String, String, int)[5]" classname="com.nss.SecurityRulesTest" time="0.016">
    <system-out><![CDATA[2026-09-01T10:47:53.405+07:00  WARN 26328 --- [nss-api] [           main] c.n.d.c.e.SecurityProblemDetailHandler   : commence: unauthenticated request | method=DELETE path=/api/admin/products/1
2026-09-01T10:47:53.409+07:00  WARN 26328 --- [nss-api] [           main] c.n.d.c.e.SecurityProblemDetailHandler   : handle: access denied | method=DELETE path=/api/admin/products/1
2026-09-01T10:47:53.413+07:00  INFO 26328 --- [nss-api] [           main] c.n.d.c.http.AdminProductController      : AdminProductController:->deleteProduct | productId=1
2026-09-01T10:47:53.413+07:00  WARN 26328 --- [nss-api] [           main] c.n.d.a.s.p.impl.ProductAppServiceImpl   : deleteProduct: not found | productId=1
2026-09-01T10:47:53.414+07:00  WARN 26328 --- [nss-api] [           main] c.n.d.c.e.GlobalExceptionHandler         : handleProductNotFound: Không tìm thấy sản phẩm bạn đang tìm.
]]></system-out>
  </testcase>
  <testcase name="apiDocsDeclareReviewOperationsWithCorrectSecurity" classname="com.nss.SecurityRulesTest" time="0.03"/>
  <testcase name="myOrdersRequireToken" classname="com.nss.SecurityRulesTest" time="0.005">
    <system-out><![CDATA[2026-09-01T10:47:53.455+07:00  WARN 26328 --- [nss-api] [           main] c.n.d.c.e.SecurityProblemDetailHandler   : commence: unauthenticated request | method=GET path=/api/orders/me
]]></system-out>
  </testcase>
  <testcase name="apiDocsDeclareOrderOperationsWithCorrectSecurity" classname="com.nss.SecurityRulesTest" time="0.03"/>
  <testcase name="couponActiveStaysPublic" classname="com.nss.SecurityRulesTest" time="0.004">
    <system-out><![CDATA[2026-09-01T10:47:53.494+07:00  INFO 26328 --- [nss-api] [           main] c.n.d.controller.http.CouponController   : CouponController:->getActiveCoupons
2026-09-01T10:47:53.494+07:00  INFO 26328 --- [nss-api] [           main] c.n.d.a.s.c.impl.CouponAppServiceImpl    : findActiveCoupons: success | count=0
]]></system-out>
  </testcase>
  <testcase name="productDetailStaysPublic" classname="com.nss.SecurityRulesTest" time="1.602">
    <system-out><![CDATA[2026-09-01T10:47:53.501+07:00  INFO 26328 --- [nss-api] [           main] c.n.d.controller.http.ProductController  : ProductController:->getProductBySlug | slug=khong-ton-tai
2026-09-01T10:47:54.271+07:00  INFO 26328 --- [nss-api] [           main] c.n.d.i.d.r.config.RedissonConfig        : redissonClient: dung cau hinh Redis | host=localhost port=6390
2026-09-01T10:47:54.481+07:00  INFO 26328 --- [nss-api] [           main] org.redisson.Version                     : Redisson 3.17.1
2026-09-01T10:47:54.914+07:00  INFO 26328 --- [nss-api] [son-netty-11-11] o.r.c.pool.MasterPubSubConnectionPool    : 1 connections initialized for localhost/127.0.0.1:6390
2026-09-01T10:47:54.979+07:00  INFO 26328 --- [nss-api] [son-netty-11-19] o.r.c.pool.MasterConnectionPool          : 24 connections initialized for localhost/127.0.0.1:6390
2026-09-01T10:47:55.069+07:00  WARN 26328 --- [nss-api] [           main] c.n.d.a.s.p.c.i.ProductCacheServiceImpl  : loadAndWarm: khong tim thay san pham | slug=khong-ton-tai
2026-09-01T10:47:55.097+07:00  WARN 26328 --- [nss-api] [           main] c.n.d.a.s.p.impl.ProductAppServiceImpl   : findProductBySlug: not found | slug=khong-ton-tai
2026-09-01T10:47:55.097+07:00  WARN 26328 --- [nss-api] [           main] c.n.d.c.e.GlobalExceptionHandler         : handleProductNotFound: Không tìm thấy sản phẩm bạn đang tìm.
]]></system-out>
  </testcase>
  <testcase name="apiDocsDeclareCouponOperationsAsPublic" classname="com.nss.SecurityRulesTest" time="0.048"/>
  <testcase name="changePasswordWithTokenReachesValidationLayer" classname="com.nss.SecurityRulesTest" time="0.015">
    <system-out><![CDATA[2026-09-01T10:47:55.166+07:00  WARN 26328 --- [nss-api] [           main] c.n.d.c.e.GlobalExceptionHandler         : handleValidation: invalid request | fields=[currentPassword, newPassword]
]]></system-out>
  </testcase>
</testsuite>