<?xml version="1.0" encoding="UTF-8"?>
<testsuite xmlns:xsi="http://www.w3.org/2001/XMLSchema-instance" xsi:noNamespaceSchemaLocation="https://maven.apache.org/surefire/maven-surefire-plugin/xsd/surefire-test-report-3.0.xsd" version="3.0" name="com.nss.SchedulingEnabledSmokeTest" time="1.543" tests="1" errors="0" skipped="0" failures="0">
  <properties>
[...]
</properties>
  <testcase name="schedulingAnnotationProcessorBeanIsRegistered" classname="com.nss.SchedulingEnabledSmokeTest" time="0.011">
    <system-out><![CDATA[2026-09-01T10:47:47.618+07:00  INFO 26328 --- [nss-api] [           main] t.c.s.AnnotationConfigContextLoaderUtils : Could not detect default configuration classes for test class [com.nss.SchedulingEnabledSmokeTest]: SchedulingEnabledSmokeTest does not declare any static, non-private, non-final, nested classes annotated with @Configuration.
2026-09-01T10:47:47.621+07:00  INFO 26328 --- [nss-api] [           main] .b.t.c.SpringBootTestContextBootstrapper : Found @SpringBootConfiguration com.nss.StartApplication for test class com.nss.SchedulingEnabledSmokeTest

  .   ____          _            __ _ _
 /\\ / ___'_ __ _ _(_)_ __  __ _ \ \ \ \
( ( )\___ | '_ | '_| | '_ \/ _` | \ \ \ \
 \\/  ___)| |_)| | | | | || (_| |  ) ) ) )
  '  |____| .__|_| |_|_| |_\__, | / / / /
 =========|_|==============|___/=/_/_/_/

 :: Spring Boot ::                (v3.3.5)

2026-09-01T10:47:47.689+07:00  INFO 26328 --- [nss-api] [           main] com.nss.SchedulingEnabledSmokeTest       : Starting SchedulingEnabledSmokeTest using Java 21.0.12 with PID 26328 (started by nhatk in C:\vibe_code\thuc-pham-sach\harness-starter-git-based\projects\api\nss-start)
2026-09-01T10:47:47.689+07:00  INFO 26328 --- [nss-api] [           main] com.nss.SchedulingEnabledSmokeTest       : No active profile set, falling back to 1 default profile: "default"
2026-09-01T10:47:48.168+07:00  INFO 26328 --- [nss-api] [           main] .s.d.r.c.RepositoryConfigurationDelegate : Multiple Spring Data modules found, entering strict repository configuration mode
2026-09-01T10:47:48.168+07:00  INFO 26328 --- [nss-api] [           main] .s.d.r.c.RepositoryConfigurationDelegate : Bootstrapping Spring Data Redis repositories in DEFAULT mode.
2026-09-01T10:47:48.195+07:00  INFO 26328 --- [nss-api] [           main] .RepositoryConfigurationExtensionSupport : Spring Data Redis - Could not safely identify store assignment for repository candidate interface com.nss.ddd.infrastructure.persistence.mapper.BrandJPAMapper; If you want this repository to be a Redis repository, consider annotating your entities with one of these annotations: org.springframework.data.redis.core.RedisHash (preferred), or consider extending one of the following types with your repository: org.springframework.data.keyvalue.repository.KeyValueRepository
2026-09-01T10:47:48.195+07:00  INFO 26328 --- [nss-api] [           main] .RepositoryConfigurationExtensionSupport : Spring Data Redis - Could not safely identify store assignment for repository candidate interface com.nss.ddd.infrastructure.persistence.mapper.CategoryJPAMapper; If you want this repository to be a Redis repository, consider annotating your entities with one of these annotations: org.springframework.data.redis.core.RedisHash (preferred), or consider extending one of the following types with your repository: org.springframework.data.keyvalue.repository.KeyValueRepository
2026-09-01T10:47:48.196+07:00  INFO 26328 --- [nss-api] [           main] .RepositoryConfigurationExtensionSupport : Spring Data Redis - Could not safely identify store assignment for repository candidate interface com.nss.ddd.infrastructure.persistence.mapper.CouponJPAMapper; If you want this repository to be a Redis repository, consider annotating your entities with one of these annotations: org.springframework.data.redis.core.RedisHash (preferred), or consider extending one of the following types with your repository: org.springframework.data.keyvalue.repository.KeyValueRepository
2026-09-01T10:47:48.196+07:00  INFO 26328 --- [nss-api] [           main] .RepositoryConfigurationExtensionSupport : Spring Data Redis - Could not safely identify store assignment for repository candidate interface com.nss.ddd.infrastructure.persistence.mapper.IdempotencyKeyJPAMapper; If you want this repository to be a Redis repository, consider annotating your entities with one of these annotations: org.springframework.data.redis.core.RedisHash (preferred), or consider extending one of the following types with your repository: org.springframework.data.keyvalue.repository.KeyValueRepository
2026-09-01T10:47:48.196+07:00  INFO 26328 --- [nss-api] [           main] .RepositoryConfigurationExtensionSupport : Spring Data Redis - Could not safely identify store assignment for repository candidate interface com.nss.ddd.infrastructure.persistence.mapper.OrderItemJPAMapper; If you want this repository to be a Redis repository, consider annotating your entities with one of these annotations: org.springframework.data.redis.core.RedisHash (preferred), or consider extending one of the following types with your repository: org.springframework.data.keyvalue.repository.KeyValueRepository
2026-09-01T10:47:48.197+07:00  INFO 26328 --- [nss-api] [           main] .RepositoryConfigurationExtensionSupport : Spring Data Redis - Could not safely identify store assignment for repository candidate interface com.nss.ddd.infrastructure.persistence.mapper.OrderJPAMapper; If you want this repository to be a Redis repository, consider annotating your entities with one of these annotations: org.springframework.data.redis.core.RedisHash (preferred), or consider extending one of the following types with your repository: org.springframework.data.keyvalue.repository.KeyValueRepository
2026-09-01T10:47:48.197+07:00  INFO 26328 --- [nss-api] [           main] .RepositoryConfigurationExtensionSupport : Spring Data Redis - Could not safely identify store assignment for repository candidate interface com.nss.ddd.infrastructure.persistence.mapper.OrderStatusHistoryJPAMapper; If you want this repository to be a Redis repository, consider annotating your entities with one of these annotations: org.springframework.data.redis.core.RedisHash (preferred), or consider extending one of the following types with your repository: org.springframework.data.keyvalue.repository.KeyValueRepository
2026-09-01T10:47:48.197+07:00  INFO 26328 --- [nss-api] [           main] .RepositoryConfigurationExtensionSupport : Spring Data Redis - Could not safely identify store assignment for repository candidate interface com.nss.ddd.infrastructure.persistence.mapper.OutboxEventJPAMapper; If you want this repository to be a Redis repository, consider annotating your entities with one of these annotations: org.springframework.data.redis.core.RedisHash (preferred), or consider extending one of the following types with your repository: org.springframework.data.keyvalue.repository.KeyValueRepository
2026-09-01T10:47:48.198+07:00  INFO 26328 --- [nss-api] [           main] .RepositoryConfigurationExtensionSupport : Spring Data Redis - Could not safely identify store assignment for repository candidate interface com.nss.ddd.infrastructure.persistence.mapper.PasswordResetTokenJPAMapper; If you want this repository to be a Redis repository, consider annotating your entities with one of these annotations: org.springframework.data.redis.core.RedisHash (preferred), or consider extending one of the following types with your repository: org.springframework.data.keyvalue.repository.KeyValueRepository
2026-09-01T10:47:48.198+07:00  INFO 26328 --- [nss-api] [           main] .RepositoryConfigurationExtensionSupport : Spring Data Redis - Could not safely identify store assignment for repository candidate interface com.nss.ddd.infrastructure.persistence.mapper.ProductImageJPAMapper; If you want this repository to be a Redis repository, consider annotating your entities with one of these annotations: org.springframework.data.redis.core.RedisHash (preferred), or consider extending one of the following types with your repository: org.springframework.data.keyvalue.repository.KeyValueRepository
2026-09-01T10:47:48.198+07:00  INFO 26328 --- [nss-api] [           main] .RepositoryConfigurationExtensionSupport : Spring Data Redis - Could not safely identify store assignment for repository candidate interface com.nss.ddd.infrastructure.persistence.mapper.ProductJPAMapper; If you want this repository to be a Redis repository, consider annotating your entities with one of these annotations: org.springframework.data.redis.core.RedisHash (preferred), or consider extending one of the following types with your repository: org.springframework.data.keyvalue.repository.KeyValueRepository
2026-09-01T10:47:48.198+07:00  INFO 26328 --- [nss-api] [           main] .RepositoryConfigurationExtensionSupport : Spring Data Redis - Could not safely identify store assignment for repository candidate interface com.nss.ddd.infrastructure.persistence.mapper.RefreshTokenJPAMapper; If you want this repository to be a Redis repository, consider annotating your entities with one of these annotations: org.springframework.data.redis.core.RedisHash (preferred), or consider extending one of the following types with your repository: org.springframework.data.keyvalue.repository.KeyValueRepository
2026-09-01T10:47:48.199+07:00  INFO 26328 --- [nss-api] [           main] .RepositoryConfigurationExtensionSupport : Spring Data Redis - Could not safely identify store assignment for repository candidate interface com.nss.ddd.infrastructure.persistence.mapper.ReviewJPAMapper; If you want this repository to be a Redis repository, consider annotating your entities with one of these annotations: org.springframework.data.redis.core.RedisHash (preferred), or consider extending one of the following types with your repository: org.springframework.data.keyvalue.repository.KeyValueRepository
2026-09-01T10:47:48.199+07:00  INFO 26328 --- [nss-api] [           main] .RepositoryConfigurationExtensionSupport : Spring Data Redis - Could not safely identify store assignment for repository candidate interface com.nss.ddd.infrastructure.persistence.mapper.UserJPAMapper; If you want this repository to be a Redis repository, consider annotating your entities with one of these annotations: org.springframework.data.redis.core.RedisHash (preferred), or consider extending one of the following types with your repository: org.springframework.data.keyvalue.repository.KeyValueRepository
2026-09-01T10:47:48.200+07:00  INFO 26328 --- [nss-api] [           main] .RepositoryConfigurationExtensionSupport : Spring Data Redis - Could not safely identify store assignment for repository candidate interface com.nss.ddd.infrastructure.persistence.mapper.UserRoleJPAMapper; If you want this repository to be a Redis repository, consider annotating your entities with one of these annotations: org.springframework.data.redis.core.RedisHash (preferred), or consider extending one of the following types with your repository: org.springframework.data.keyvalue.repository.KeyValueRepository
2026-09-01T10:47:48.200+07:00  INFO 26328 --- [nss-api] [           main] .s.d.r.c.RepositoryConfigurationDelegate : Finished Spring Data repository scanning in 31 ms. Found 0 Redis repository interfaces.
2026-09-01T10:47:48.309+07:00  INFO 26328 --- [nss-api] [           main] c.n.d.c.config.ApiRateLimitInterceptor   : ApiRateLimitInterceptor: wired | auth=10/PT1S write=30/PT1S read=100/PT1S timeout=PT0S
2026-09-01T10:47:48.472+07:00  INFO 26328 --- [nss-api] [           main] c.n.d.a.s.mail.impl.MailAppServiceImpl   : MailAppServiceImpl: mail circuit breaker wired | name=mail windowType=COUNT_BASED windowSize=20 minCalls=10 failureRate=50% wait=PT1M halfOpenCalls=3 autoHalfOpen=true
2026-09-01T10:47:49.067+07:00  INFO 26328 --- [nss-api] [           main] o.a.k.clients.admin.AdminClientConfig    : AdminClientConfig values: 
	auto.include.jmx.reporter = true
	bootstrap.controllers = []
	bootstrap.servers = [localhost:9094]
	client.dns.lookup = use_all_dns_ips
	client.id = nss-api-admin-2
	connections.max.idle.ms = 300000
	default.api.timeout.ms = 60000
	enable.metrics.push = true
	metadata.max.age.ms = 300000
	metric.reporters = []
	metrics.num.samples = 2
	metrics.recording.level = INFO
	metrics.sample.window.ms = 30000
	receive.buffer.bytes = 65536
	reconnect.backoff.max.ms = 1000
	reconnect.backoff.ms = 50
	request.timeout.ms = 30000
	retries = 2147483647
	retry.backoff.max.ms = 1000
	retry.backoff.ms = 100
	sasl.client.callback.handler.class = null
	sasl.jaas.config = null
	sasl.kerberos.kinit.cmd = /usr/bin/kinit
	sasl.kerberos.min.time.before.relogin = 60000
	sasl.kerberos.service.name = null
	sasl.kerberos.ticket.renew.jitter = 0.05
	sasl.kerberos.ticket.renew.window.factor = 0.8
	sasl.login.callback.handler.class = null
	sasl.login.class = null
	sasl.login.connect.timeout.ms = null
	sasl.login.read.timeout.ms = null
	sasl.login.refresh.buffer.seconds = 300
	sasl.login.refresh.min.period.seconds = 60
	sasl.login.refresh.window.factor = 0.8
	sasl.login.refresh.window.jitter = 0.05
	sasl.login.retry.backoff.max.ms = 10000
	sasl.login.retry.backoff.ms = 100
	sasl.mechanism = GSSAPI
	sasl.oauthbearer.clock.skew.seconds = 30
	sasl.oauthbearer.expected.audience = null
	sasl.oauthbearer.expected.issuer = null
	sasl.oauthbearer.jwks.endpoint.refresh.ms = 3600000
	sasl.oauthbearer.jwks.endpoint.retry.backoff.max.ms = 10000
	sasl.oauthbearer.jwks.endpoint.retry.backoff.ms = 100
	sasl.oauthbearer.jwks.endpoint.url = null
	sasl.oauthbearer.scope.claim.name = scope
	sasl.oauthbearer.sub.claim.name = sub
	sasl.oauthbearer.token.endpoint.url = null
	security.protocol = PLAINTEXT
	security.providers = null
	send.buffer.bytes = 131072
	socket.connection.setup.timeout.max.ms = 30000
	socket.connection.setup.timeout.ms = 10000
	ssl.cipher.suites = null
	ssl.enabled.protocols = [TLSv1.2, TLSv1.3]
	ssl.endpoint.identification.algorithm = https
	ssl.engine.factory.class = null
	ssl.key.password = null
	ssl.keymanager.algorithm = SunX509
	ssl.keystore.certificate.chain = null
	ssl.keystore.key = null
	ssl.keystore.location = null
	ssl.keystore.password = null
	ssl.keystore.type = JKS
	ssl.protocol = TLSv1.3
	ssl.provider = null
	ssl.secure.random.implementation = null
	ssl.trustmanager.algorithm = PKIX
	ssl.truststore.certificates = null
	ssl.truststore.location = null
	ssl.truststore.password = null
	ssl.truststore.type = JKS

2026-09-01T10:47:49.072+07:00  INFO 26328 --- [nss-api] [           main] o.a.kafka.common.utils.AppInfoParser     : Kafka version: 3.7.1
2026-09-01T10:47:49.073+07:00  INFO 26328 --- [nss-api] [           main] o.a.kafka.common.utils.AppInfoParser     : Kafka commitId: e2494e6ffb89f828
2026-09-01T10:47:49.073+07:00  INFO 26328 --- [nss-api] [           main] o.a.kafka.common.utils.AppInfoParser     : Kafka startTimeMs: 1788234469072
2026-09-01T10:47:49.090+07:00  INFO 26328 --- [nss-api] [nss-api-admin-2] o.a.kafka.common.utils.AppInfoParser     : App info kafka.admin.client for nss-api-admin-2 unregistered
2026-09-01T10:47:49.091+07:00  INFO 26328 --- [nss-api] [nss-api-admin-2] o.apache.kafka.common.metrics.Metrics    : Metrics scheduler closed
2026-09-01T10:47:49.091+07:00  INFO 26328 --- [nss-api] [nss-api-admin-2] o.apache.kafka.common.metrics.Metrics    : Closing reporter org.apache.kafka.common.metrics.JmxReporter
2026-09-01T10:47:49.091+07:00  INFO 26328 --- [nss-api] [nss-api-admin-2] o.apache.kafka.common.metrics.Metrics    : Metrics reporters closed
2026-09-01T10:47:49.097+07:00  INFO 26328 --- [nss-api] [           main] o.a.k.clients.consumer.ConsumerConfig    : ConsumerConfig values: 
	allow.auto.create.topics = true
	auto.commit.interval.ms = 5000
	auto.include.jmx.reporter = true
	auto.offset.reset = earliest
	bootstrap.servers = [localhost:9094]
	check.crcs = true
	client.dns.lookup = use_all_dns_ips
	client.id = consumer-nss-order-status-changed-7
	client.rack = 
	connections.max.idle.ms = 540000
	default.api.timeout.ms = 60000
	enable.auto.commit = false
	enable.metrics.push = true
	exclude.internal.topics = true
	fetch.max.bytes = 52428800
	fetch.max.wait.ms = 500
	fetch.min.bytes = 1
	group.id = nss-order-status-changed
	group.instance.id = null
	group.protocol = classic
	group.remote.assignor = null
	heartbeat.interval.ms = 3000
	interceptor.classes = []
	internal.leave.group.on.close = true
	internal.throw.on.fetch.stable.offset.unsupported = false
	isolation.level = read_uncommitted
	key.deserializer = class org.apache.kafka.common.serialization.StringDeserializer
	max.partition.fetch.bytes = 1048576
	max.poll.interval.ms = 300000
	max.poll.records = 500
	metadata.max.age.ms = 300000
	metric.reporters = []
	metrics.num.samples = 2
	metrics.recording.level = INFO
	metrics.sample.window.ms = 30000
	partition.assignment.strategy = [class org.apache.kafka.clients.consumer.RangeAssignor, class org.apache.kafka.clients.consumer.CooperativeStickyAssignor]
	receive.buffer.bytes = 65536
	reconnect.backoff.max.ms = 1000
	reconnect.backoff.ms = 50
	request.timeout.ms = 30000
	retry.backoff.max.ms = 1000
	retry.backoff.ms = 100
	sasl.client.callback.handler.class = null
	sasl.jaas.config = null
	sasl.kerberos.kinit.cmd = /usr/bin/kinit
	sasl.kerberos.min.time.before.relogin = 60000
	sasl.kerberos.service.name = null
	sasl.kerberos.ticket.renew.jitter = 0.05
	sasl.kerberos.ticket.renew.window.factor = 0.8
	sasl.login.callback.handler.class = null
	sasl.login.class = null
	sasl.login.connect.timeout.ms = null
	sasl.login.read.timeout.ms = null
	sasl.login.refresh.buffer.seconds = 300
	sasl.login.refresh.min.period.seconds = 60
	sasl.login.refresh.window.factor = 0.8
	sasl.login.refresh.window.jitter = 0.05
	sasl.login.retry.backoff.max.ms = 10000
	sasl.login.retry.backoff.ms = 100
	sasl.mechanism = GSSAPI
	sasl.oauthbearer.clock.skew.seconds = 30
	sasl.oauthbearer.expected.audience = null
	sasl.oauthbearer.expected.issuer = null
	sasl.oauthbearer.jwks.endpoint.refresh.ms = 3600000
	sasl.oauthbearer.jwks.endpoint.retry.backoff.max.ms = 10000
	sasl.oauthbearer.jwks.endpoint.retry.backoff.ms = 100
	sasl.oauthbearer.jwks.endpoint.url = null
	sasl.oauthbearer.scope.claim.name = scope
	sasl.oauthbearer.sub.claim.name = sub
	sasl.oauthbearer.token.endpoint.url = null
	security.protocol = PLAINTEXT
	security.providers = null
	send.buffer.bytes = 131072
	session.timeout.ms = 45000
	socket.connection.setup.timeout.max.ms = 30000
	socket.connection.setup.timeout.ms = 10000
	ssl.cipher.suites = null
	ssl.enabled.protocols = [TLSv1.2, TLSv1.3]
	ssl.endpoint.identification.algorithm = https
	ssl.engine.factory.class = null
	ssl.key.password = null
	ssl.keymanager.algorithm = SunX509
	ssl.keystore.certificate.chain = null
	ssl.keystore.key = null
	ssl.keystore.location = null
	ssl.keystore.password = null
	ssl.keystore.type = JKS
	ssl.protocol = TLSv1.3
	ssl.provider = null
	ssl.secure.random.implementation = null
	ssl.trustmanager.algorithm = PKIX
	ssl.truststore.certificates = null
	ssl.truststore.location = null
	ssl.truststore.password = null
	ssl.truststore.type = JKS
	value.deserializer = class org.apache.kafka.common.serialization.StringDeserializer

2026-09-01T10:47:49.098+07:00  INFO 26328 --- [nss-api] [           main] o.a.k.c.t.i.KafkaMetricsCollector        : initializing Kafka metrics collector
2026-09-01T10:47:49.104+07:00  INFO 26328 --- [nss-api] [           main] o.a.kafka.common.utils.AppInfoParser     : Kafka version: 3.7.1
2026-09-01T10:47:49.105+07:00  INFO 26328 --- [nss-api] [           main] o.a.kafka.common.utils.AppInfoParser     : Kafka commitId: e2494e6ffb89f828
2026-09-01T10:47:49.105+07:00  INFO 26328 --- [nss-api] [           main] o.a.kafka.common.utils.AppInfoParser     : Kafka startTimeMs: 1788234469104
2026-09-01T10:47:49.105+07:00  INFO 26328 --- [nss-api] [           main] o.a.k.c.c.internals.LegacyKafkaConsumer  : [Consumer clientId=consumer-nss-order-status-changed-7, groupId=nss-order-status-changed] Subscribed to topic(s): order.status-changed
2026-09-01T10:47:49.107+07:00  INFO 26328 --- [nss-api] [           main] o.a.k.clients.consumer.ConsumerConfig    : ConsumerConfig values: 
	allow.auto.create.topics = true
	auto.commit.interval.ms = 5000
	auto.include.jmx.reporter = true
	auto.offset.reset = earliest
	bootstrap.servers = [localhost:9094]
	check.crcs = true
	client.dns.lookup = use_all_dns_ips
	client.id = consumer-nss-order-status-changed-8
	client.rack = 
	connections.max.idle.ms = 540000
	default.api.timeout.ms = 60000
	enable.auto.commit = false
	enable.metrics.push = true
	exclude.internal.topics = true
	fetch.max.bytes = 52428800
	fetch.max.wait.ms = 500
	fetch.min.bytes = 1
	group.id = nss-order-status-changed
	group.instance.id = null
	group.protocol = classic
	group.remote.assignor = null
	heartbeat.interval.ms = 3000
	interceptor.classes = []
	internal.leave.group.on.close = true
	internal.throw.on.fetch.stable.offset.unsupported = false
	isolation.level = read_uncommitted
	key.deserializer = class org.apache.kafka.common.serialization.StringDeserializer
	max.partition.fetch.bytes = 1048576
	max.poll.interval.ms = 300000
	max.poll.records = 500
	metadata.max.age.ms = 300000
	metric.reporters = []
	metrics.num.samples = 2
	metrics.recording.level = INFO
	metrics.sample.window.ms = 30000
	partition.assignment.strategy = [class org.apache.kafka.clients.consumer.RangeAssignor, class org.apache.kafka.clients.consumer.CooperativeStickyAssignor]
	receive.buffer.bytes = 65536
	reconnect.backoff.max.ms = 1000
	reconnect.backoff.ms = 50
	request.timeout.ms = 30000
	retry.backoff.max.ms = 1000
	retry.backoff.ms = 100
	sasl.client.callback.handler.class = null
	sasl.jaas.config = null
	sasl.kerberos.kinit.cmd = /usr/bin/kinit
	sasl.kerberos.min.time.before.relogin = 60000
	sasl.kerberos.service.name = null
	sasl.kerberos.ticket.renew.jitter = 0.05
	sasl.kerberos.ticket.renew.window.factor = 0.8
	sasl.login.callback.handler.class = null
	sasl.login.class = null
	sasl.login.connect.timeout.ms = null
	sasl.login.read.timeout.ms = null
	sasl.login.refresh.buffer.seconds = 300
	sasl.login.refresh.min.period.seconds = 60
	sasl.login.refresh.window.factor = 0.8
	sasl.login.refresh.window.jitter = 0.05
	sasl.login.retry.backoff.max.ms = 10000
	sasl.login.retry.backoff.ms = 100
	sasl.mechanism = GSSAPI
	sasl.oauthbearer.clock.skew.seconds = 30
	sasl.oauthbearer.expected.audience = null
	sasl.oauthbearer.expected.issuer = null
	sasl.oauthbearer.jwks.endpoint.refresh.ms = 3600000
	sasl.oauthbearer.jwks.endpoint.retry.backoff.max.ms = 10000
	sasl.oauthbearer.jwks.endpoint.retry.backoff.ms = 100
	sasl.oauthbearer.jwks.endpoint.url = null
	sasl.oauthbearer.scope.claim.name = scope
	sasl.oauthbearer.sub.claim.name = sub
	sasl.oauthbearer.token.endpoint.url = null
	security.protocol = PLAINTEXT
	security.providers = null
	send.buffer.bytes = 131072
	session.timeout.ms = 45000
	socket.connection.setup.timeout.max.ms = 30000
	socket.connection.setup.timeout.ms = 10000
	ssl.cipher.suites = null
	ssl.enabled.protocols = [TLSv1.2, TLSv1.3]
	ssl.endpoint.identification.algorithm = https
	ssl.engine.factory.class = null
	ssl.key.password = null
	ssl.keymanager.algorithm = SunX509
	ssl.keystore.certificate.chain = null
	ssl.keystore.key = null
	ssl.keystore.location = null
	ssl.keystore.password = null
	ssl.keystore.type = JKS
	ssl.protocol = TLSv1.3
	ssl.provider = null
	ssl.secure.random.implementation = null
	ssl.trustmanager.algorithm = PKIX
	ssl.truststore.certificates = null
	ssl.truststore.location = null
	ssl.truststore.password = null
	ssl.truststore.type = JKS
	value.deserializer = class org.apache.kafka.common.serialization.StringDeserializer

2026-09-01T10:47:49.108+07:00  INFO 26328 --- [nss-api] [           main] o.a.k.c.t.i.KafkaMetricsCollector        : initializing Kafka metrics collector
2026-09-01T10:47:49.116+07:00  INFO 26328 --- [nss-api] [           main] o.a.kafka.common.utils.AppInfoParser     : Kafka version: 3.7.1
2026-09-01T10:47:49.116+07:00  INFO 26328 --- [nss-api] [           main] o.a.kafka.common.utils.AppInfoParser     : Kafka commitId: e2494e6ffb89f828
2026-09-01T10:47:49.116+07:00  INFO 26328 --- [nss-api] [           main] o.a.kafka.common.utils.AppInfoParser     : Kafka startTimeMs: 1788234469116
2026-09-01T10:47:49.116+07:00  INFO 26328 --- [nss-api] [           main] o.a.k.c.c.internals.LegacyKafkaConsumer  : [Consumer clientId=consumer-nss-order-status-changed-8, groupId=nss-order-status-changed] Subscribed to topic(s): order.status-changed
2026-09-01T10:47:49.118+07:00  INFO 26328 --- [nss-api] [        kafka-1] org.apache.kafka.clients.Metadata        : [Consumer clientId=consumer-nss-order-status-changed-7, groupId=nss-order-status-changed] Cluster ID: Some(5L6g3nShT-eMCtK--X86sw)
2026-09-01T10:47:49.118+07:00  INFO 26328 --- [nss-api] [        kafka-1] o.a.k.c.c.internals.ConsumerCoordinator  : [Consumer clientId=consumer-nss-order-status-changed-7, groupId=nss-order-status-changed] Discovered group coordinator localhost:9094 (id: 2147483646 rack: null)
2026-09-01T10:47:49.119+07:00  INFO 26328 --- [nss-api] [           main] o.a.k.clients.consumer.ConsumerConfig    : ConsumerConfig values: 
	allow.auto.create.topics = true
	auto.commit.interval.ms = 5000
	auto.include.jmx.reporter = true
	auto.offset.reset = earliest
	bootstrap.servers = [localhost:9094]
	check.crcs = true
	client.dns.lookup = use_all_dns_ips
	client.id = consumer-nss-order-status-changed-9
	client.rack = 
	connections.max.idle.ms = 540000
	default.api.timeout.ms = 60000
	enable.auto.commit = false
	enable.metrics.push = true
	exclude.internal.topics = true
	fetch.max.bytes = 52428800
	fetch.max.wait.ms = 500
	fetch.min.bytes = 1
	group.id = nss-order-status-changed
	group.instance.id = null
	group.protocol = classic
	group.remote.assignor = null
	heartbeat.interval.ms = 3000
	interceptor.classes = []
	internal.leave.group.on.close = true
	internal.throw.on.fetch.stable.offset.unsupported = false
	isolation.level = read_uncommitted
	key.deserializer = class org.apache.kafka.common.serialization.StringDeserializer
	max.partition.fetch.bytes = 1048576
	max.poll.interval.ms = 300000
	max.poll.records = 500
	metadata.max.age.ms = 300000
	metric.reporters = []
	metrics.num.samples = 2
	metrics.recording.level = INFO
	metrics.sample.window.ms = 30000
	partition.assignment.strategy = [class org.apache.kafka.clients.consumer.RangeAssignor, class org.apache.kafka.clients.consumer.CooperativeStickyAssignor]
	receive.buffer.bytes = 65536
	reconnect.backoff.max.ms = 1000
	reconnect.backoff.ms = 50
	request.timeout.ms = 30000
	retry.backoff.max.ms = 1000
	retry.backoff.ms = 100
	sasl.client.callback.handler.class = null
	sasl.jaas.config = null
	sasl.kerberos.kinit.cmd = /usr/bin/kinit
	sasl.kerberos.min.time.before.relogin = 60000
	sasl.kerberos.service.name = null
	sasl.kerberos.ticket.renew.jitter = 0.05
	sasl.kerberos.ticket.renew.window.factor = 0.8
	sasl.login.callback.handler.class = null
	sasl.login.class = null
	sasl.login.connect.timeout.ms = null
	sasl.login.read.timeout.ms = null
	sasl.login.refresh.buffer.seconds = 300
	sasl.login.refresh.min.period.seconds = 60
	sasl.login.refresh.window.factor = 0.8
	sasl.login.refresh.window.jitter = 0.05
	sasl.login.retry.backoff.max.ms = 10000
	sasl.login.retry.backoff.ms = 100
	sasl.mechanism = GSSAPI
	sasl.oauthbearer.clock.skew.seconds = 30
	sasl.oauthbearer.expected.audience = null
	sasl.oauthbearer.expected.issuer = null
	sasl.oauthbearer.jwks.endpoint.refresh.ms = 3600000
	sasl.oauthbearer.jwks.endpoint.retry.backoff.max.ms = 10000
	sasl.oauthbearer.jwks.endpoint.retry.backoff.ms = 100
	sasl.oauthbearer.jwks.endpoint.url = null
	sasl.oauthbearer.scope.claim.name = scope
	sasl.oauthbearer.sub.claim.name = sub
	sasl.oauthbearer.token.endpoint.url = null
	security.protocol = PLAINTEXT
	security.providers = null
	send.buffer.bytes = 131072
	session.timeout.ms = 45000
	socket.connection.setup.timeout.max.ms = 30000
	socket.connection.setup.timeout.ms = 10000
	ssl.cipher.suites = null
	ssl.enabled.protocols = [TLSv1.2, TLSv1.3]
	ssl.endpoint.identification.algorithm = https
	ssl.engine.factory.class = null
	ssl.key.password = null
	ssl.keymanager.algorithm = SunX509
	ssl.keystore.certificate.chain = null
	ssl.keystore.key = null
	ssl.keystore.location = null
	ssl.keystore.password = null
	ssl.keystore.type = JKS
	ssl.protocol = TLSv1.3
	ssl.provider = null
	ssl.secure.random.implementation = null
	ssl.trustmanager.algorithm = PKIX
	ssl.truststore.certificates = null
	ssl.truststore.location = null
	ssl.truststore.password = null
	ssl.truststore.type = JKS
	value.deserializer = class org.apache.kafka.common.serialization.StringDeserializer

2026-09-01T10:47:49.119+07:00  INFO 26328 --- [nss-api] [        kafka-1] o.a.k.c.c.internals.ConsumerCoordinator  : [Consumer clientId=consumer-nss-order-status-changed-7, groupId=nss-order-status-changed] (Re-)joining group
2026-09-01T10:47:49.120+07:00  INFO 26328 --- [nss-api] [           main] o.a.k.c.t.i.KafkaMetricsCollector        : initializing Kafka metrics collector
2026-09-01T10:47:49.126+07:00  INFO 26328 --- [nss-api] [           main] o.a.kafka.common.utils.AppInfoParser     : Kafka version: 3.7.1
2026-09-01T10:47:49.126+07:00  INFO 26328 --- [nss-api] [           main] o.a.kafka.common.utils.AppInfoParser     : Kafka commitId: e2494e6ffb89f828
2026-09-01T10:47:49.126+07:00  INFO 26328 --- [nss-api] [           main] o.a.kafka.common.utils.AppInfoParser     : Kafka startTimeMs: 1788234469126
2026-09-01T10:47:49.127+07:00  INFO 26328 --- [nss-api] [           main] o.a.k.c.c.internals.LegacyKafkaConsumer  : [Consumer clientId=consumer-nss-order-status-changed-9, groupId=nss-order-status-changed] Subscribed to topic(s): order.status-changed
2026-09-01T10:47:49.137+07:00  INFO 26328 --- [nss-api] [           main] com.nss.SchedulingEnabledSmokeTest       : Started SchedulingEnabledSmokeTest in 1.507 seconds (process running for 22.975)
2026-09-01T10:47:49.144+07:00  INFO 26328 --- [nss-api] [        kafka-1] o.a.k.c.c.internals.ConsumerCoordinator  : [Consumer clientId=consumer-nss-order-status-changed-7, groupId=nss-order-status-changed] Request joining group due to: need to re-join with the given member-id: consumer-nss-order-status-changed-7-3a70a2aa-ce7c-43e3-88cb-1fa99b12a632
2026-09-01T10:47:49.144+07:00  INFO 26328 --- [nss-api] [        kafka-1] o.a.k.c.c.internals.ConsumerCoordinator  : [Consumer clientId=consumer-nss-order-status-changed-7, groupId=nss-order-status-changed] (Re-)joining group
2026-09-01T10:47:49.145+07:00  INFO 26328 --- [nss-api] [        kafka-2] org.apache.kafka.clients.Metadata        : [Consumer clientId=consumer-nss-order-status-changed-8, groupId=nss-order-status-changed] Cluster ID: Some(5L6g3nShT-eMCtK--X86sw)
2026-09-01T10:47:49.147+07:00  INFO 26328 --- [nss-api] [        kafka-2] o.a.k.c.c.internals.ConsumerCoordinator  : [Consumer clientId=consumer-nss-order-status-changed-8, groupId=nss-order-status-changed] Discovered group coordinator localhost:9094 (id: 2147483646 rack: null)
2026-09-01T10:47:49.148+07:00  INFO 26328 --- [nss-api] [        kafka-2] o.a.k.c.c.internals.ConsumerCoordinator  : [Consumer clientId=consumer-nss-order-status-changed-8, groupId=nss-order-status-changed] (Re-)joining group
2026-09-01T10:47:49.155+07:00  INFO 26328 --- [nss-api] [        kafka-3] org.apache.kafka.clients.Metadata        : [Consumer clientId=consumer-nss-order-status-changed-9, groupId=nss-order-status-changed] Cluster ID: Some(5L6g3nShT-eMCtK--X86sw)
2026-09-01T10:47:49.156+07:00  INFO 26328 --- [nss-api] [        kafka-3] o.a.k.c.c.internals.ConsumerCoordinator  : [Consumer clientId=consumer-nss-order-status-changed-9, groupId=nss-order-status-changed] Discovered group coordinator localhost:9094 (id: 2147483646 rack: null)
2026-09-01T10:47:49.157+07:00  INFO 26328 --- [nss-api] [        kafka-3] o.a.k.c.c.internals.ConsumerCoordinator  : [Consumer clientId=consumer-nss-order-status-changed-9, groupId=nss-order-status-changed] (Re-)joining group
]]></system-out>
  </testcase>
</testsuite>