<?xml version="1.0" encoding="UTF-8"?>
<testsuite xmlns:xsi="http://www.w3.org/2001/XMLSchema-instance" xsi:noNamespaceSchemaLocation="https://maven.apache.org/surefire/maven-surefire-plugin/xsd/surefire-test-report-3.0.xsd" version="3.0" name="com.nss.SecurityRulesTest" time="2.339" tests="78" errors="0" skipped="0" failures="0">
  <properties>
[...]
</properties>
  <testcase name="emptyCartReturnsTwoHundredWithEmptyArray" classname="com.nss.SecurityRulesTest" time="0.254">
    <system-out><![CDATA[2026-08-25T19:02:20.123+07:00  INFO 7756 --- [nss-api] [           main] t.c.s.AnnotationConfigContextLoaderUtils : Could not detect default configuration classes for test class [com.nss.SecurityRulesTest]: SecurityRulesTest does not declare any static, non-private, non-final, nested classes annotated with @Configuration.
2026-08-25T19:02:20.130+07:00  INFO 7756 --- [nss-api] [           main] .b.t.c.SpringBootTestContextBootstrapper : Found @SpringBootConfiguration com.nss.StartApplication for test class com.nss.SecurityRulesTest
2026-08-25T19:02:20.379+07:00  INFO 7756 --- [nss-api] [           main] c.n.ddd.controller.http.CartController   : CartController:->validateCart | itemCount=0
2026-08-25T19:02:20.380+07:00  INFO 7756 --- [nss-api] [           main] c.n.d.a.s.cart.impl.CartAppServiceImpl   : validateCart: success | itemCount=0 issueCount=0
]]></system-out>
  </testcase>
  <testcase name="apiDocsDeclareSecurityOnNewAdminOperations" classname="com.nss.SecurityRulesTest" time="0.986">
    <system-out><![CDATA[2026-08-25T19:02:21.244+07:00  INFO 7756 --- [nss-api] [           main] o.springdoc.api.AbstractOpenApiResource  : Init duration for springdoc-openapi is: 832 ms
]]></system-out>
  </testcase>
  <testcase name="createOrderRejectsBrokenToken" classname="com.nss.SecurityRulesTest" time="0.014">
    <system-out><![CDATA[2026-08-25T19:02:21.391+07:00  WARN 7756 --- [nss-api] [           main] c.n.d.c.e.SecurityProblemDetailHandler   : commence: unauthenticated request | method=POST path=/api/orders
]]></system-out>
  </testcase>
  <testcase name="profileEndpointsRequireToken(String)[1]" classname="com.nss.SecurityRulesTest" time="0.008">
    <system-out><![CDATA[2026-08-25T19:02:21.408+07:00  WARN 7756 --- [nss-api] [           main] c.n.d.c.e.SecurityProblemDetailHandler   : commence: unauthenticated request | method=PUT path=/api/auth/me
]]></system-out>
  </testcase>
  <testcase name="profileEndpointsRequireToken(String)[2]" classname="com.nss.SecurityRulesTest" time="0.005">
    <system-out><![CDATA[2026-08-25T19:02:21.417+07:00  WARN 7756 --- [nss-api] [           main] c.n.d.c.e.SecurityProblemDetailHandler   : commence: unauthenticated request | method=PUT path=/api/auth/password
]]></system-out>
  </testcase>
  <testcase name="couponValidateStaysPublic" classname="com.nss.SecurityRulesTest" time="0.024">
    <system-out><![CDATA[2026-08-25T19:02:21.439+07:00  WARN 7756 --- [nss-api] [           main] c.n.d.c.e.GlobalExceptionHandler         : handleValidation: invalid request | fields=[code, subtotal]
]]></system-out>
  </testcase>
  <testcase name="apiDocsDeclareCartOperationAsPublic" classname="com.nss.SecurityRulesTest" time="0.018"/>
  <testcase name="apiDocsDeclarePasswordResetOperationsAsPublic" classname="com.nss.SecurityRulesTest" time="0.017"/>
  <testcase name="cartPathOpensOnlyItsOwnMethod(HttpMethod, String)[1]" classname="com.nss.SecurityRulesTest" time="0.01">
    <system-out><![CDATA[2026-08-25T19:02:21.498+07:00  WARN 7756 --- [nss-api] [           main] c.n.d.c.e.SecurityProblemDetailHandler   : commence: unauthenticated request | method=GET path=/api/cart/validate
]]></system-out>
  </testcase>
  <testcase name="cartPathOpensOnlyItsOwnMethod(HttpMethod, String)[2]" classname="com.nss.SecurityRulesTest" time="0.005">
    <system-out><![CDATA[2026-08-25T19:02:21.506+07:00  WARN 7756 --- [nss-api] [           main] c.n.d.c.e.SecurityProblemDetailHandler   : commence: unauthenticated request | method=PUT path=/api/cart/validate
]]></system-out>
  </testcase>
  <testcase name="cartPathOpensOnlyItsOwnMethod(HttpMethod, String)[3]" classname="com.nss.SecurityRulesTest" time="0.007">
    <system-out><![CDATA[2026-08-25T19:02:21.514+07:00  WARN 7756 --- [nss-api] [           main] c.n.d.c.e.SecurityProblemDetailHandler   : commence: unauthenticated request | method=DELETE path=/api/cart/validate
]]></system-out>
  </testcase>
  <testcase name="cartPathOpensOnlyItsOwnMethod(HttpMethod, String)[4]" classname="com.nss.SecurityRulesTest" time="0.007">
    <system-out><![CDATA[2026-08-25T19:02:21.523+07:00  WARN 7756 --- [nss-api] [           main] c.n.d.c.e.SecurityProblemDetailHandler   : commence: unauthenticated request | method=POST path=/api/cart
]]></system-out>
  </testcase>
  <testcase name="cartPathOpensOnlyItsOwnMethod(HttpMethod, String)[5]" classname="com.nss.SecurityRulesTest" time="0.005">
    <system-out><![CDATA[2026-08-25T19:02:21.531+07:00  WARN 7756 --- [nss-api] [           main] c.n.d.c.e.SecurityProblemDetailHandler   : commence: unauthenticated request | method=GET path=/api/cart
]]></system-out>
  </testcase>
  <testcase name="apiDocsStayPublic" classname="com.nss.SecurityRulesTest" time="0.012"/>
  <testcase name="cartValidateStaysPublic" classname="com.nss.SecurityRulesTest" time="0.007">
    <system-out><![CDATA[2026-08-25T19:02:21.554+07:00  WARN 7756 --- [nss-api] [           main] c.n.d.c.e.GlobalExceptionHandler         : handleValidation: invalid request | fields=[items]
]]></system-out>
  </testcase>
  <testcase name="removedProductWriteEndpointsAreGone(HttpMethod, String, String)[1]" classname="com.nss.SecurityRulesTest" time="0.094">
    <system-out><![CDATA[2026-08-25T19:02:21.563+07:00  WARN 7756 --- [nss-api] [           main] c.n.d.c.e.SecurityProblemDetailHandler   : commence: unauthenticated request | method=POST path=/api/products
2026-08-25T19:02:21.647+07:00  WARN 7756 --- [nss-api] [           main] o.s.web.servlet.PageNotFound             : Request method 'POST' is not supported
]]></system-out>
  </testcase>
  <testcase name="removedProductWriteEndpointsAreGone(HttpMethod, String, String)[2]" classname="com.nss.SecurityRulesTest" time="0.01">
    <system-out><![CDATA[2026-08-25T19:02:21.661+07:00  WARN 7756 --- [nss-api] [           main] c.n.d.c.e.SecurityProblemDetailHandler   : commence: unauthenticated request | method=PUT path=/api/products/1
2026-08-25T19:02:21.665+07:00  WARN 7756 --- [nss-api] [           main] o.s.web.servlet.PageNotFound             : Request method 'PUT' is not supported
]]></system-out>
  </testcase>
  <testcase name="removedProductWriteEndpointsAreGone(HttpMethod, String, String)[3]" classname="com.nss.SecurityRulesTest" time="0.012">
    <system-out><![CDATA[2026-08-25T19:02:21.673+07:00  WARN 7756 --- [nss-api] [           main] c.n.d.c.e.SecurityProblemDetailHandler   : commence: unauthenticated request | method=DELETE path=/api/products/1
2026-08-25T19:02:21.678+07:00  WARN 7756 --- [nss-api] [           main] o.s.web.servlet.PageNotFound             : Request method 'DELETE' is not supported
]]></system-out>
  </testcase>
  <testcase name="orderByCodeStaysPublic" classname="com.nss.SecurityRulesTest" time="0.007">
    <system-out><![CDATA[2026-08-25T19:02:21.688+07:00  INFO 7756 --- [nss-api] [           main] c.n.ddd.controller.http.OrderController  : OrderController:->getOrderByCode | code=NSS-20260101-9999
2026-08-25T19:02:21.690+07:00  WARN 7756 --- [nss-api] [           main] c.n.d.a.s.o.impl.OrderAppServiceImpl     : findOrderByCode: not found | code=NSS-20260101-9999
2026-08-25T19:02:21.690+07:00  WARN 7756 --- [nss-api] [           main] c.n.d.c.e.GlobalExceptionHandler         : handleOrderNotFound: Không tìm thấy đơn hàng với mã này.
]]></system-out>
  </testcase>
  <testcase name="myOrdersReachHandlerWithToken" classname="com.nss.SecurityRulesTest" time="0.008">
    <system-out><![CDATA[2026-08-25T19:02:21.699+07:00  INFO 7756 --- [nss-api] [           main] c.n.ddd.controller.http.OrderController  : OrderController:->getMyOrders | userId=1
2026-08-25T19:02:21.700+07:00  INFO 7756 --- [nss-api] [           main] c.n.d.a.s.o.impl.OrderAppServiceImpl     : findMyOrders: success | userId=1 count=0
]]></system-out>
  </testcase>
  <testcase name="statsRejectsDaysOutsideRange(int)[1]" classname="com.nss.SecurityRulesTest" time="0.017">
    <system-out><![CDATA[2026-08-25T19:02:21.712+07:00  INFO 7756 --- [nss-api] [           main] c.n.d.c.http.AdminStatsController        : AdminStatsController:->getOverview | days=30
2026-08-25T19:02:21.714+07:00  INFO 7756 --- [nss-api] [           main] c.n.d.a.s.s.impl.StatsAppServiceImpl     : findOverview: success | days=30 from=2026-07-27 to=2026-08-25 revenue=0 orderCount=0 customerCount=0 lowStockCount=0
2026-08-25T19:02:21.719+07:00  INFO 7756 --- [nss-api] [           main] c.n.d.c.http.AdminStatsController        : AdminStatsController:->getOverview | days=0
2026-08-25T19:02:21.720+07:00  WARN 7756 --- [nss-api] [           main] c.n.d.c.e.GlobalExceptionHandler         : handleInvalidDateRange: Khoảng thời gian phải nằm trong khoảng từ 1 đến 365 ngày.
]]></system-out>
  </testcase>
  <testcase name="statsRejectsDaysOutsideRange(int)[2]" classname="com.nss.SecurityRulesTest" time="0.013">
    <system-out><![CDATA[2026-08-25T19:02:21.729+07:00  INFO 7756 --- [nss-api] [           main] c.n.d.c.http.AdminStatsController        : AdminStatsController:->getOverview | days=30
2026-08-25T19:02:21.730+07:00  INFO 7756 --- [nss-api] [           main] c.n.d.a.s.s.impl.StatsAppServiceImpl     : findOverview: success | days=30 from=2026-07-27 to=2026-08-25 revenue=0 orderCount=0 customerCount=0 lowStockCount=0
2026-08-25T19:02:21.734+07:00  INFO 7756 --- [nss-api] [           main] c.n.d.c.http.AdminStatsController        : AdminStatsController:->getOverview | days=-1
2026-08-25T19:02:21.735+07:00  WARN 7756 --- [nss-api] [           main] c.n.d.c.e.GlobalExceptionHandler         : handleInvalidDateRange: Khoảng thời gian phải nằm trong khoảng từ 1 đến 365 ngày.
]]></system-out>
  </testcase>
  <testcase name="statsRejectsDaysOutsideRange(int)[3]" classname="com.nss.SecurityRulesTest" time="0.011">
    <system-out><![CDATA[2026-08-25T19:02:21.744+07:00  INFO 7756 --- [nss-api] [           main] c.n.d.c.http.AdminStatsController        : AdminStatsController:->getOverview | days=30
2026-08-25T19:02:21.745+07:00  INFO 7756 --- [nss-api] [           main] c.n.d.a.s.s.impl.StatsAppServiceImpl     : findOverview: success | days=30 from=2026-07-27 to=2026-08-25 revenue=0 orderCount=0 customerCount=0 lowStockCount=0
2026-08-25T19:02:21.749+07:00  INFO 7756 --- [nss-api] [           main] c.n.d.c.http.AdminStatsController        : AdminStatsController:->getOverview | days=366
2026-08-25T19:02:21.750+07:00  WARN 7756 --- [nss-api] [           main] c.n.d.c.e.GlobalExceptionHandler         : handleInvalidDateRange: Khoảng thời gian phải nằm trong khoảng từ 1 đến 365 ngày.
]]></system-out>
  </testcase>
  <testcase name="statsRejectsDaysOutsideRange(int)[4]" classname="com.nss.SecurityRulesTest" time="0.011">
    <system-out><![CDATA[2026-08-25T19:02:21.759+07:00  INFO 7756 --- [nss-api] [           main] c.n.d.c.http.AdminStatsController        : AdminStatsController:->getOverview | days=30
2026-08-25T19:02:21.759+07:00  INFO 7756 --- [nss-api] [           main] c.n.d.a.s.s.impl.StatsAppServiceImpl     : findOverview: success | days=30 from=2026-07-27 to=2026-08-25 revenue=0 orderCount=0 customerCount=0 lowStockCount=0
2026-08-25T19:02:21.763+07:00  INFO 7756 --- [nss-api] [           main] c.n.d.c.http.AdminStatsController        : AdminStatsController:->getOverview | days=9999
2026-08-25T19:02:21.763+07:00  WARN 7756 --- [nss-api] [           main] c.n.d.c.e.GlobalExceptionHandler         : handleInvalidDateRange: Khoảng thời gian phải nằm trong khoảng từ 1 đến 365 ngày.
]]></system-out>
  </testcase>
  <testcase name="createOrderStaysPublic" classname="com.nss.SecurityRulesTest" time="0.012">
    <system-out><![CDATA[2026-08-25T19:02:21.776+07:00  WARN 7756 --- [nss-api] [           main] c.n.d.c.e.GlobalExceptionHandler         : handleValidation: invalid request | fields=[items, shipping, paymentMethod]
]]></system-out>
  </testcase>
  <testcase name="logoutWithoutTokenReturnsProblemDetail" classname="com.nss.SecurityRulesTest" time="0.006">
    <system-out><![CDATA[2026-08-25T19:02:21.785+07:00  WARN 7756 --- [nss-api] [           main] c.n.d.c.e.SecurityProblemDetailHandler   : commence: unauthenticated request | method=POST path=/api/auth/logout
]]></system-out>
  </testcase>
  <testcase name="passwordResetEndpointsStayPublic(String, String)[1]" classname="com.nss.SecurityRulesTest" time="0.012">
    <system-out><![CDATA[2026-08-25T19:02:21.800+07:00  WARN 7756 --- [nss-api] [           main] c.n.d.c.e.GlobalExceptionHandler         : handleValidation: invalid request | fields=[email]
]]></system-out>
  </testcase>
  <testcase name="passwordResetEndpointsStayPublic(String, String)[2]" classname="com.nss.SecurityRulesTest" time="0.012">
    <system-out><![CDATA[2026-08-25T19:02:21.814+07:00  WARN 7756 --- [nss-api] [           main] c.n.d.c.e.GlobalExceptionHandler         : handleValidation: invalid request | fields=[newPassword, token]
]]></system-out>
  </testcase>
  <testcase name="passwordResetEndpointsStayPublic(String, String)[3]" classname="com.nss.SecurityRulesTest" time="0.008">
    <system-out><![CDATA[2026-08-25T19:02:21.826+07:00  WARN 7756 --- [nss-api] [           main] c.n.d.c.e.GlobalExceptionHandler         : handleValidation: invalid request | fields=[token, newPassword]
]]></system-out>
  </testcase>
  <testcase name="adminPrefixGuardsPathsWithoutHandler" classname="com.nss.SecurityRulesTest" time="0.022">
    <system-out><![CDATA[2026-08-25T19:02:21.836+07:00  WARN 7756 --- [nss-api] [           main] c.n.d.c.e.SecurityProblemDetailHandler   : handle: access denied | method=GET path=/api/admin/khong-ton-tai
2026-08-25T19:02:21.838+07:00  WARN 7756 --- [nss-api] [           main] c.n.d.c.e.SecurityProblemDetailHandler   : commence: unauthenticated request | method=GET path=/api/admin/khong-ton-tai
2026-08-25T19:02:21.843+07:00  WARN 7756 --- [nss-api] [           main] c.n.d.c.e.SecurityProblemDetailHandler   : handle: access denied | method=DELETE path=/api/admin/orders/NSS-20260101-0001
]]></system-out>
  </testcase>
  <testcase name="couponEndpointsStayOpenForCustomerToken" classname="com.nss.SecurityRulesTest" time="0.008">
    <system-out><![CDATA[2026-08-25T19:02:21.861+07:00  INFO 7756 --- [nss-api] [           main] c.n.d.controller.http.CouponController   : CouponController:->getActiveCoupons
2026-08-25T19:02:21.862+07:00  INFO 7756 --- [nss-api] [           main] c.n.d.a.s.c.impl.CouponAppServiceImpl    : findActiveCoupons: success | count=0
]]></system-out>
  </testcase>
  <testcase name="updateProfileRejectsBlankStringAtValidationLayer" classname="com.nss.SecurityRulesTest" time="0.019">
    <system-out><![CDATA[2026-08-25T19:02:21.882+07:00  WARN 7756 --- [nss-api] [           main] c.n.d.c.e.GlobalExceptionHandler         : handleValidation: invalid request | fields=[fullName, email]
]]></system-out>
  </testcase>
  <testcase name="productListStaysPublic" classname="com.nss.SecurityRulesTest" time="0.01">
    <system-out><![CDATA[2026-08-25T19:02:21.892+07:00  INFO 7756 --- [nss-api] [           main] c.n.d.controller.http.ProductController  : ProductController:->getProducts | page=1 limit=12
2026-08-25T19:02:21.894+07:00  INFO 7756 --- [nss-api] [           main] c.n.d.a.s.p.impl.ProductAppServiceImpl   : findProducts: success | page=1 limit=12 total=0
]]></system-out>
  </testcase>
  <testcase name="passwordResetEndpointsRejectBrokenToken(String)[1]" classname="com.nss.SecurityRulesTest" time="0.006">
    <system-out><![CDATA[2026-08-25T19:02:21.904+07:00  WARN 7756 --- [nss-api] [           main] c.n.d.c.e.SecurityProblemDetailHandler   : commence: unauthenticated request | method=POST path=/api/auth/forgot-password
]]></system-out>
  </testcase>
  <testcase name="passwordResetEndpointsRejectBrokenToken(String)[2]" classname="com.nss.SecurityRulesTest" time="0.005">
    <system-out><![CDATA[2026-08-25T19:02:21.911+07:00  WARN 7756 --- [nss-api] [           main] c.n.d.c.e.SecurityProblemDetailHandler   : commence: unauthenticated request | method=POST path=/api/auth/reset-password
]]></system-out>
  </testcase>
  <testcase name="publicReadStaysOpenForCustomerToken" classname="com.nss.SecurityRulesTest" time="0.012">
    <system-out><![CDATA[2026-08-25T19:02:21.920+07:00  INFO 7756 --- [nss-api] [           main] c.n.d.controller.http.ProductController  : ProductController:->getProducts | page=1 limit=12
2026-08-25T19:02:21.921+07:00  INFO 7756 --- [nss-api] [           main] c.n.d.a.s.p.impl.ProductAppServiceImpl   : findProducts: success | page=1 limit=12 total=0
2026-08-25T19:02:21.924+07:00  INFO 7756 --- [nss-api] [           main] c.n.ddd.controller.http.HelloController  : HelloController:->getHello
2026-08-25T19:02:21.924+07:00  INFO 7756 --- [nss-api] [           main] c.n.d.a.s.h.impl.HelloAppServiceImpl     : getHello: success | source=infrastructure
]]></system-out>
  </testcase>
  <testcase name="couponPathsOpenOnlyTheirOwnMethod(HttpMethod, String)[1]" classname="com.nss.SecurityRulesTest" time="0.007">
    <system-out><![CDATA[2026-08-25T19:02:21.933+07:00  WARN 7756 --- [nss-api] [           main] c.n.d.c.e.SecurityProblemDetailHandler   : commence: unauthenticated request | method=GET path=/api/coupons/validate
]]></system-out>
  </testcase>
  <testcase name="couponPathsOpenOnlyTheirOwnMethod(HttpMethod, String)[2]" classname="com.nss.SecurityRulesTest" time="0.007">
    <system-out><![CDATA[2026-08-25T19:02:21.943+07:00  WARN 7756 --- [nss-api] [           main] c.n.d.c.e.SecurityProblemDetailHandler   : commence: unauthenticated request | method=DELETE path=/api/coupons/validate
]]></system-out>
  </testcase>
  <testcase name="couponPathsOpenOnlyTheirOwnMethod(HttpMethod, String)[3]" classname="com.nss.SecurityRulesTest" time="0.005">
    <system-out><![CDATA[2026-08-25T19:02:21.951+07:00  WARN 7756 --- [nss-api] [           main] c.n.d.c.e.SecurityProblemDetailHandler   : commence: unauthenticated request | method=POST path=/api/coupons/active
]]></system-out>
  </testcase>
  <testcase name="couponPathsOpenOnlyTheirOwnMethod(HttpMethod, String)[4]" classname="com.nss.SecurityRulesTest" time="0.005">
    <system-out><![CDATA[2026-08-25T19:02:21.959+07:00  WARN 7756 --- [nss-api] [           main] c.n.d.c.e.SecurityProblemDetailHandler   : commence: unauthenticated request | method=POST path=/api/coupons
]]></system-out>
  </testcase>
  <testcase name="authPublicEndpointsReachableWithoutToken(String)[1]" classname="com.nss.SecurityRulesTest" time="0.01">
    <system-out><![CDATA[2026-08-25T19:02:21.974+07:00  WARN 7756 --- [nss-api] [           main] c.n.d.c.e.GlobalExceptionHandler         : handleValidation: invalid request | fields=[fullName, password, email, phone]
]]></system-out>
  </testcase>
  <testcase name="authPublicEndpointsReachableWithoutToken(String)[2]" classname="com.nss.SecurityRulesTest" time="0.008">
    <system-out><![CDATA[2026-08-25T19:02:21.984+07:00  WARN 7756 --- [nss-api] [           main] c.n.d.c.e.GlobalExceptionHandler         : handleValidation: invalid request | fields=[email, password]
]]></system-out>
  </testcase>
  <testcase name="authPublicEndpointsReachableWithoutToken(String)[3]" classname="com.nss.SecurityRulesTest" time="0.006">
    <system-out><![CDATA[2026-08-25T19:02:21.992+07:00  WARN 7756 --- [nss-api] [           main] c.n.d.c.e.GlobalExceptionHandler         : handleValidation: invalid request | fields=[refreshToken]
]]></system-out>
  </testcase>
  <testcase name="authPublicEndpointsReachableWithoutToken(String)[4]" classname="com.nss.SecurityRulesTest" time="0.005">
    <system-out><![CDATA[2026-08-25T19:02:21.999+07:00  WARN 7756 --- [nss-api] [           main] c.n.d.c.e.GlobalExceptionHandler         : handleValidation: invalid request | fields=[email]
]]></system-out>
  </testcase>
  <testcase name="authPublicEndpointsReachableWithoutToken(String)[5]" classname="com.nss.SecurityRulesTest" time="0.007">
    <system-out><![CDATA[2026-08-25T19:02:22.007+07:00  WARN 7756 --- [nss-api] [           main] c.n.d.c.e.GlobalExceptionHandler         : handleValidation: invalid request | fields=[newPassword, token]
]]></system-out>
  </testcase>
  <testcase name="cartEndpointStaysOpenForCustomerToken" classname="com.nss.SecurityRulesTest" time="0.007">
    <system-out><![CDATA[2026-08-25T19:02:22.014+07:00  INFO 7756 --- [nss-api] [           main] c.n.ddd.controller.http.CartController   : CartController:->validateCart | itemCount=0
2026-08-25T19:02:22.015+07:00  INFO 7756 --- [nss-api] [           main] c.n.d.a.s.cart.impl.CartAppServiceImpl   : validateCart: success | itemCount=0 issueCount=0
]]></system-out>
  </testcase>
  <testcase name="authNamespaceStaysClosedApartFromItsPublicPaths(HttpMethod, String)[1]" classname="com.nss.SecurityRulesTest" time="0.004">
    <system-out><![CDATA[2026-08-25T19:02:22.021+07:00  WARN 7756 --- [nss-api] [           main] c.n.d.c.e.SecurityProblemDetailHandler   : commence: unauthenticated request | method=POST path=/api/auth/logout
]]></system-out>
  </testcase>
  <testcase name="authNamespaceStaysClosedApartFromItsPublicPaths(HttpMethod, String)[2]" classname="com.nss.SecurityRulesTest" time="0.005">
    <system-out><![CDATA[2026-08-25T19:02:22.026+07:00  WARN 7756 --- [nss-api] [           main] c.n.d.c.e.SecurityProblemDetailHandler   : commence: unauthenticated request | method=PUT path=/api/auth/me
]]></system-out>
  </testcase>
  <testcase name="authNamespaceStaysClosedApartFromItsPublicPaths(HttpMethod, String)[3]" classname="com.nss.SecurityRulesTest" time="0.004">
    <system-out><![CDATA[2026-08-25T19:02:22.033+07:00  WARN 7756 --- [nss-api] [           main] c.n.d.c.e.SecurityProblemDetailHandler   : commence: unauthenticated request | method=PUT path=/api/auth/password
]]></system-out>
  </testcase>
  <testcase name="newAdminEndpointsEnforceAdminOnly(HttpMethod, String, String, int)[1]" classname="com.nss.SecurityRulesTest" time="0.012">
    <system-out><![CDATA[2026-08-25T19:02:22.040+07:00  WARN 7756 --- [nss-api] [           main] c.n.d.c.e.SecurityProblemDetailHandler   : commence: unauthenticated request | method=GET path=/api/admin/orders
2026-08-25T19:02:22.042+07:00  WARN 7756 --- [nss-api] [           main] c.n.d.c.e.SecurityProblemDetailHandler   : handle: access denied | method=GET path=/api/admin/orders
2026-08-25T19:02:22.046+07:00  INFO 7756 --- [nss-api] [           main] c.n.d.c.http.AdminOrderController        : AdminOrderController:->getAdminOrders | q=null status=null userId=null page=1 limit=12
2026-08-25T19:02:22.047+07:00  INFO 7756 --- [nss-api] [           main] c.n.d.a.s.o.impl.OrderAppServiceImpl     : findAdminOrders: success | q=null status=null userId=null page=1 limit=12 total=0
]]></system-out>
  </testcase>
  <testcase name="newAdminEndpointsEnforceAdminOnly(HttpMethod, String, String, int)[2]" classname="com.nss.SecurityRulesTest" time="0.01">
    <system-out><![CDATA[2026-08-25T19:02:22.054+07:00  WARN 7756 --- [nss-api] [           main] c.n.d.c.e.SecurityProblemDetailHandler   : commence: unauthenticated request | method=GET path=/api/admin/orders/NSS-20260101-0001
2026-08-25T19:02:22.056+07:00  WARN 7756 --- [nss-api] [           main] c.n.d.c.e.SecurityProblemDetailHandler   : handle: access denied | method=GET path=/api/admin/orders/NSS-20260101-0001
2026-08-25T19:02:22.059+07:00  INFO 7756 --- [nss-api] [           main] c.n.d.c.http.AdminOrderController        : AdminOrderController:->getAdminOrder | code=NSS-20260101-0001
2026-08-25T19:02:22.059+07:00  WARN 7756 --- [nss-api] [           main] c.n.d.a.s.o.impl.OrderAppServiceImpl     : findOrderByCode: not found | code=NSS-20260101-0001
2026-08-25T19:02:22.060+07:00  WARN 7756 --- [nss-api] [           main] c.n.d.c.e.GlobalExceptionHandler         : handleOrderNotFound: Không tìm thấy đơn hàng với mã này.
]]></system-out>
  </testcase>
  <testcase name="newAdminEndpointsEnforceAdminOnly(HttpMethod, String, String, int)[3]" classname="com.nss.SecurityRulesTest" time="0.015">
    <system-out><![CDATA[2026-08-25T19:02:22.066+07:00  WARN 7756 --- [nss-api] [           main] c.n.d.c.e.SecurityProblemDetailHandler   : commence: unauthenticated request | method=PATCH path=/api/admin/orders/NSS-20260101-0001/status
2026-08-25T19:02:22.069+07:00  WARN 7756 --- [nss-api] [           main] c.n.d.c.e.SecurityProblemDetailHandler   : handle: access denied | method=PATCH path=/api/admin/orders/NSS-20260101-0001/status
2026-08-25T19:02:22.075+07:00  WARN 7756 --- [nss-api] [           main] c.n.d.c.e.GlobalExceptionHandler         : handleValidation: invalid request | fields=[status]
]]></system-out>
  </testcase>
  <testcase name="newAdminEndpointsEnforceAdminOnly(HttpMethod, String, String, int)[4]" classname="com.nss.SecurityRulesTest" time="0.02">
    <system-out><![CDATA[2026-08-25T19:02:22.081+07:00  WARN 7756 --- [nss-api] [           main] c.n.d.c.e.SecurityProblemDetailHandler   : commence: unauthenticated request | method=GET path=/api/admin/customers
2026-08-25T19:02:22.083+07:00  WARN 7756 --- [nss-api] [           main] c.n.d.c.e.SecurityProblemDetailHandler   : handle: access denied | method=GET path=/api/admin/customers
2026-08-25T19:02:22.093+07:00  INFO 7756 --- [nss-api] [           main] c.n.d.c.http.AdminCustomerController     : AdminCustomerController:->getAdminCustomers | q=null role=null page=1 limit=10
2026-08-25T19:02:22.094+07:00  INFO 7756 --- [nss-api] [           main] c.n.d.a.s.c.impl.CustomerAppServiceImpl  : findAdminUsers: success | q=null role=CUSTOMER page=1 limit=10 total=0
]]></system-out>
  </testcase>
  <testcase name="newAdminEndpointsEnforceAdminOnly(HttpMethod, String, String, int)[5]" classname="com.nss.SecurityRulesTest" time="0.01">
    <system-out><![CDATA[2026-08-25T19:02:22.103+07:00  WARN 7756 --- [nss-api] [           main] c.n.d.c.e.SecurityProblemDetailHandler   : commence: unauthenticated request | method=GET path=/api/admin/customers/1
2026-08-25T19:02:22.105+07:00  WARN 7756 --- [nss-api] [           main] c.n.d.c.e.SecurityProblemDetailHandler   : handle: access denied | method=GET path=/api/admin/customers/1
2026-08-25T19:02:22.108+07:00  INFO 7756 --- [nss-api] [           main] c.n.d.c.http.AdminCustomerController     : AdminCustomerController:->getAdminCustomer | userId=1
2026-08-25T19:02:22.108+07:00  WARN 7756 --- [nss-api] [           main] c.n.d.a.s.c.impl.CustomerAppServiceImpl  : findAdminUserById: not found | userId=1
2026-08-25T19:02:22.109+07:00  WARN 7756 --- [nss-api] [           main] c.n.d.c.e.GlobalExceptionHandler         : handleUserNotFound: Không tìm thấy tài khoản này.
]]></system-out>
  </testcase>
  <testcase name="newAdminEndpointsEnforceAdminOnly(HttpMethod, String, String, int)[6]" classname="com.nss.SecurityRulesTest" time="0.009">
    <system-out><![CDATA[2026-08-25T19:02:22.115+07:00  WARN 7756 --- [nss-api] [           main] c.n.d.c.e.SecurityProblemDetailHandler   : commence: unauthenticated request | method=GET path=/api/admin/stats/overview
2026-08-25T19:02:22.117+07:00  WARN 7756 --- [nss-api] [           main] c.n.d.c.e.SecurityProblemDetailHandler   : handle: access denied | method=GET path=/api/admin/stats/overview
2026-08-25T19:02:22.119+07:00  INFO 7756 --- [nss-api] [           main] c.n.d.c.http.AdminStatsController        : AdminStatsController:->getOverview | days=30
2026-08-25T19:02:22.120+07:00  INFO 7756 --- [nss-api] [           main] c.n.d.a.s.s.impl.StatsAppServiceImpl     : findOverview: success | days=30 from=2026-07-27 to=2026-08-25 revenue=0 orderCount=0 customerCount=0 lowStockCount=0
]]></system-out>
  </testcase>
  <testcase name="adminReachesValidationWithFiveFieldErrorsAndNoSlugError" classname="com.nss.SecurityRulesTest" time="0.026">
    <system-out><![CDATA[2026-08-25T19:02:22.145+07:00  WARN 7756 --- [nss-api] [           main] c.n.d.c.e.GlobalExceptionHandler         : handleValidation: invalid request | fields=[categoryId, name, price, stock, unit]
]]></system-out>
  </testcase>
  <testcase name="apiDocsDeclareSecurityOnAdminProductOperations" classname="com.nss.SecurityRulesTest" time="0.049"/>
  <testcase name="orderPathsOpenOnlyTheirOwnMethod(HttpMethod, String)[1]" classname="com.nss.SecurityRulesTest" time="0.011">
    <system-out><![CDATA[2026-08-25T19:02:22.214+07:00  WARN 7756 --- [nss-api] [           main] c.n.d.c.e.SecurityProblemDetailHandler   : commence: unauthenticated request | method=GET path=/api/orders
]]></system-out>
  </testcase>
  <testcase name="orderPathsOpenOnlyTheirOwnMethod(HttpMethod, String)[2]" classname="com.nss.SecurityRulesTest" time="0.006">
    <system-out><![CDATA[2026-08-25T19:02:22.222+07:00  WARN 7756 --- [nss-api] [           main] c.n.d.c.e.SecurityProblemDetailHandler   : commence: unauthenticated request | method=PUT path=/api/orders
]]></system-out>
  </testcase>
  <testcase name="orderPathsOpenOnlyTheirOwnMethod(HttpMethod, String)[3]" classname="com.nss.SecurityRulesTest" time="0.006">
    <system-out><![CDATA[2026-08-25T19:02:22.230+07:00  WARN 7756 --- [nss-api] [           main] c.n.d.c.e.SecurityProblemDetailHandler   : commence: unauthenticated request | method=DELETE path=/api/orders
]]></system-out>
  </testcase>
  <testcase name="orderPathsOpenOnlyTheirOwnMethod(HttpMethod, String)[4]" classname="com.nss.SecurityRulesTest" time="0.006">
    <system-out><![CDATA[2026-08-25T19:02:22.238+07:00  WARN 7756 --- [nss-api] [           main] c.n.d.c.e.SecurityProblemDetailHandler   : commence: unauthenticated request | method=PUT path=/api/orders/NSS-20260101-0001
]]></system-out>
  </testcase>
  <testcase name="orderPathsOpenOnlyTheirOwnMethod(HttpMethod, String)[5]" classname="com.nss.SecurityRulesTest" time="0.006">
    <system-out><![CDATA[2026-08-25T19:02:22.246+07:00  WARN 7756 --- [nss-api] [           main] c.n.d.c.e.SecurityProblemDetailHandler   : commence: unauthenticated request | method=PATCH path=/api/orders/NSS-20260101-0001
]]></system-out>
  </testcase>
  <testcase name="orderPathsOpenOnlyTheirOwnMethod(HttpMethod, String)[6]" classname="com.nss.SecurityRulesTest" time="0.004">
    <system-out><![CDATA[2026-08-25T19:02:22.253+07:00  WARN 7756 --- [nss-api] [           main] c.n.d.c.e.SecurityProblemDetailHandler   : commence: unauthenticated request | method=DELETE path=/api/orders/NSS-20260101-0001
]]></system-out>
  </testcase>
  <testcase name="orderPathsOpenOnlyTheirOwnMethod(HttpMethod, String)[7]" classname="com.nss.SecurityRulesTest" time="0.005">
    <system-out><![CDATA[2026-08-25T19:02:22.260+07:00  WARN 7756 --- [nss-api] [           main] c.n.d.c.e.SecurityProblemDetailHandler   : commence: unauthenticated request | method=POST path=/api/orders/NSS-20260101-0001
]]></system-out>
  </testcase>
  <testcase name="orderPathsOpenOnlyTheirOwnMethod(HttpMethod, String)[8]" classname="com.nss.SecurityRulesTest" time="0.004">
    <system-out><![CDATA[2026-08-25T19:02:22.267+07:00  WARN 7756 --- [nss-api] [           main] c.n.d.c.e.SecurityProblemDetailHandler   : commence: unauthenticated request | method=POST path=/api/orders/NSS-20260101-0001/cancel
]]></system-out>
  </testcase>
  <testcase name="orderPathsOpenOnlyTheirOwnMethod(HttpMethod, String)[9]" classname="com.nss.SecurityRulesTest" time="0.004">
    <system-out><![CDATA[2026-08-25T19:02:22.272+07:00  WARN 7756 --- [nss-api] [           main] c.n.d.c.e.SecurityProblemDetailHandler   : commence: unauthenticated request | method=GET path=/api/admin/orders
]]></system-out>
  </testcase>
  <testcase name="orderPathsOpenOnlyTheirOwnMethod(HttpMethod, String)[10]" classname="com.nss.SecurityRulesTest" time="0.005">
    <system-out><![CDATA[2026-08-25T19:02:22.278+07:00  WARN 7756 --- [nss-api] [           main] c.n.d.c.e.SecurityProblemDetailHandler   : commence: unauthenticated request | method=PATCH path=/api/admin/orders/NSS-20260101-0001/status
]]></system-out>
  </testcase>
  <testcase name="adminProductEndpointEnforcesAdminOnly(HttpMethod, String, String, int)[1]" classname="com.nss.SecurityRulesTest" time="0.013">
    <system-out><![CDATA[2026-08-25T19:02:22.286+07:00  WARN 7756 --- [nss-api] [           main] c.n.d.c.e.SecurityProblemDetailHandler   : commence: unauthenticated request | method=GET path=/api/admin/products
2026-08-25T19:02:22.288+07:00  WARN 7756 --- [nss-api] [           main] c.n.d.c.e.SecurityProblemDetailHandler   : handle: access denied | method=GET path=/api/admin/products
2026-08-25T19:02:22.293+07:00  INFO 7756 --- [nss-api] [           main] c.n.d.c.http.AdminProductController      : AdminProductController:->getAdminProducts | q=null category=null stockStatus=null sort=null page=1 limit=12
2026-08-25T19:02:22.293+07:00  INFO 7756 --- [nss-api] [           main] c.n.d.a.s.p.impl.ProductAppServiceImpl   : findAdminProducts: success | q=null category=null stockStatus=null sort=NEWEST page=1 limit=12 total=0
]]></system-out>
  </testcase>
  <testcase name="adminProductEndpointEnforcesAdminOnly(HttpMethod, String, String, int)[2]" classname="com.nss.SecurityRulesTest" time="0.011">
    <system-out><![CDATA[2026-08-25T19:02:22.301+07:00  WARN 7756 --- [nss-api] [           main] c.n.d.c.e.SecurityProblemDetailHandler   : commence: unauthenticated request | method=GET path=/api/admin/products/1
2026-08-25T19:02:22.303+07:00  WARN 7756 --- [nss-api] [           main] c.n.d.c.e.SecurityProblemDetailHandler   : handle: access denied | method=GET path=/api/admin/products/1
2026-08-25T19:02:22.306+07:00  INFO 7756 --- [nss-api] [           main] c.n.d.c.http.AdminProductController      : AdminProductController:->getAdminProduct | productId=1
2026-08-25T19:02:22.307+07:00  WARN 7756 --- [nss-api] [           main] c.n.d.a.s.p.impl.ProductAppServiceImpl   : findProductById: not found | productId=1
2026-08-25T19:02:22.307+07:00  WARN 7756 --- [nss-api] [           main] c.n.d.c.e.GlobalExceptionHandler         : handleProductNotFound: Không tìm thấy sản phẩm bạn đang tìm.
]]></system-out>
  </testcase>
  <testcase name="adminProductEndpointEnforcesAdminOnly(HttpMethod, String, String, int)[3]" classname="com.nss.SecurityRulesTest" time="0.017">
    <system-out><![CDATA[2026-08-25T19:02:22.314+07:00  WARN 7756 --- [nss-api] [           main] c.n.d.c.e.SecurityProblemDetailHandler   : commence: unauthenticated request | method=POST path=/api/admin/products
2026-08-25T19:02:22.316+07:00  WARN 7756 --- [nss-api] [           main] c.n.d.c.e.SecurityProblemDetailHandler   : handle: access denied | method=POST path=/api/admin/products
2026-08-25T19:02:22.324+07:00  WARN 7756 --- [nss-api] [           main] c.n.d.c.e.GlobalExceptionHandler         : handleValidation: invalid request | fields=[price, name, stock, unit, categoryId]
]]></system-out>
  </testcase>
  <testcase name="adminProductEndpointEnforcesAdminOnly(HttpMethod, String, String, int)[4]" classname="com.nss.SecurityRulesTest" time="0.028">
    <system-out><![CDATA[2026-08-25T19:02:22.334+07:00  WARN 7756 --- [nss-api] [           main] c.n.d.c.e.SecurityProblemDetailHandler   : commence: unauthenticated request | method=PUT path=/api/admin/products/1
2026-08-25T19:02:22.338+07:00  WARN 7756 --- [nss-api] [           main] c.n.d.c.e.SecurityProblemDetailHandler   : handle: access denied | method=PUT path=/api/admin/products/1
2026-08-25T19:02:22.354+07:00  WARN 7756 --- [nss-api] [           main] c.n.d.c.e.GlobalExceptionHandler         : handleValidation: invalid request | fields=[categoryId, price, name, stock, unit]
]]></system-out>
  </testcase>
  <testcase name="adminProductEndpointEnforcesAdminOnly(HttpMethod, String, String, int)[5]" classname="com.nss.SecurityRulesTest" time="0.017">
    <system-out><![CDATA[2026-08-25T19:02:22.363+07:00  WARN 7756 --- [nss-api] [           main] c.n.d.c.e.SecurityProblemDetailHandler   : commence: unauthenticated request | method=DELETE path=/api/admin/products/1
2026-08-25T19:02:22.368+07:00  WARN 7756 --- [nss-api] [           main] c.n.d.c.e.SecurityProblemDetailHandler   : handle: access denied | method=DELETE path=/api/admin/products/1
2026-08-25T19:02:22.371+07:00  INFO 7756 --- [nss-api] [           main] c.n.d.c.http.AdminProductController      : AdminProductController:->deleteProduct | productId=1
2026-08-25T19:02:22.374+07:00  WARN 7756 --- [nss-api] [           main] c.n.d.d.s.impl.ProductDomainServiceImpl  : softDelete: no active row matched | productId=1
2026-08-25T19:02:22.374+07:00  WARN 7756 --- [nss-api] [           main] c.n.d.a.s.p.impl.ProductAppServiceImpl   : deleteProduct: not found | productId=1
2026-08-25T19:02:22.374+07:00  WARN 7756 --- [nss-api] [           main] c.n.d.c.e.GlobalExceptionHandler         : handleProductNotFound: Không tìm thấy sản phẩm bạn đang tìm.
]]></system-out>
  </testcase>
  <testcase name="myOrdersRequireToken" classname="com.nss.SecurityRulesTest" time="0.005">
    <system-out><![CDATA[2026-08-25T19:02:22.381+07:00  WARN 7756 --- [nss-api] [           main] c.n.d.c.e.SecurityProblemDetailHandler   : commence: unauthenticated request | method=GET path=/api/orders/me
]]></system-out>
  </testcase>
  <testcase name="apiDocsDeclareOrderOperationsWithCorrectSecurity" classname="com.nss.SecurityRulesTest" time="0.025"/>
  <testcase name="couponActiveStaysPublic" classname="com.nss.SecurityRulesTest" time="0.006">
    <system-out><![CDATA[2026-08-25T19:02:22.414+07:00  INFO 7756 --- [nss-api] [           main] c.n.d.controller.http.CouponController   : CouponController:->getActiveCoupons
2026-08-25T19:02:22.415+07:00  INFO 7756 --- [nss-api] [           main] c.n.d.a.s.c.impl.CouponAppServiceImpl    : findActiveCoupons: success | count=0
]]></system-out>
  </testcase>
  <testcase name="productDetailStaysPublic" classname="com.nss.SecurityRulesTest" time="0.007">
    <system-out><![CDATA[2026-08-25T19:02:22.423+07:00  INFO 7756 --- [nss-api] [           main] c.n.d.controller.http.ProductController  : ProductController:->getProductBySlug | slug=khong-ton-tai
2026-08-25T19:02:22.424+07:00  WARN 7756 --- [nss-api] [           main] c.n.d.a.s.p.impl.ProductAppServiceImpl   : findProductBySlug: not found | slug=khong-ton-tai
2026-08-25T19:02:22.424+07:00  WARN 7756 --- [nss-api] [           main] c.n.d.c.e.GlobalExceptionHandler         : handleProductNotFound: Không tìm thấy sản phẩm bạn đang tìm.
]]></system-out>
  </testcase>
  <testcase name="apiDocsDeclareCouponOperationsAsPublic" classname="com.nss.SecurityRulesTest" time="0.015"/>
  <testcase name="changePasswordWithTokenReachesValidationLayer" classname="com.nss.SecurityRulesTest" time="0.011">
    <system-out><![CDATA[2026-08-25T19:02:22.455+07:00  WARN 7756 --- [nss-api] [           main] c.n.d.c.e.GlobalExceptionHandler         : handleValidation: invalid request | fields=[newPassword, currentPassword]
]]></system-out>
  </testcase>
</testsuite>